{"/home/travis/build/npmtest/node-npmtest-phonegap/test.js":{"path":"/home/travis/build/npmtest/node-npmtest-phonegap/test.js","s":{"1":2,"2":2,"3":2,"4":2,"5":2,"6":2,"7":2,"8":1,"9":2,"10":2,"11":1,"12":1,"13":1,"14":1,"15":2,"16":2,"17":2,"18":2,"19":1,"20":1,"21":2,"22":2,"23":2,"24":1,"25":1,"26":1,"27":1,"28":1,"29":1,"30":1,"31":1,"32":1,"33":1,"34":1,"35":1,"36":2,"37":2,"38":1,"39":2,"40":2,"41":1,"42":2,"43":2,"44":1,"45":1,"46":1,"47":1,"48":1},"b":{"1":[2,1,1,1],"2":[1,1,1,1],"3":[1,1],"4":[1,1],"5":[1,1],"6":[1,1],"7":[1,1],"8":[1,1],"9":[1,1,1],"10":[1,1],"11":[1,1],"12":[1,1],"13":[1,1],"14":[1,1],"15":[1,1]},"f":{"1":2,"2":2,"3":2,"4":2,"5":2,"6":1,"7":1,"8":2,"9":2,"10":2,"11":1},"fnMap":{"1":{"name":"(anonymous_1)","line":12,"loc":{"start":{"line":12,"column":1},"end":{"line":12,"column":13}}},"2":{"name":"(anonymous_2)","line":19,"loc":{"start":{"line":19,"column":5},"end":{"line":19,"column":17}}},"3":{"name":"(anonymous_3)","line":23,"loc":{"start":{"line":23,"column":24},"end":{"line":23,"column":36}}},"4":{"name":"(anonymous_4)","line":61,"loc":{"start":{"line":61,"column":5},"end":{"line":61,"column":17}}},"5":{"name":"(anonymous_5)","line":82,"loc":{"start":{"line":82,"column":5},"end":{"line":82,"column":17}}},"6":{"name":"(anonymous_6)","line":102,"loc":{"start":{"line":102,"column":83},"end":{"line":105,"column":10}},"skip":true},"7":{"name":"(anonymous_7)","line":113,"loc":{"start":{"line":113,"column":77},"end":{"line":116,"column":10}},"skip":true},"8":{"name":"(anonymous_8)","line":127,"loc":{"start":{"line":127,"column":77},"end":{"line":130,"column":10}},"skip":true},"9":{"name":"(anonymous_9)","line":138,"loc":{"start":{"line":138,"column":83},"end":{"line":141,"column":10}},"skip":true},"10":{"name":"(anonymous_10)","line":149,"loc":{"start":{"line":149,"column":79},"end":{"line":152,"column":10}},"skip":true},"11":{"name":"(anonymous_11)","line":160,"loc":{"start":{"line":160,"column":75},"end":{"line":163,"column":10}},"skip":true}},"statementMap":{"1":{"start":{"line":12,"column":0},"end":{"line":175,"column":5}},"2":{"start":{"line":14,"column":4},"end":{"line":14,"column":14}},"3":{"start":{"line":19,"column":4},"end":{"line":56,"column":9}},"4":{"start":{"line":21,"column":8},"end":{"line":21,"column":19}},"5":{"start":{"line":23,"column":8},"end":{"line":35,"column":13}},"6":{"start":{"line":24,"column":12},"end":{"line":34,"column":13}},"7":{"start":{"line":25,"column":16},"end":{"line":28,"column":30}},"8":{"start":{"line":30,"column":16},"end":{"line":33,"column":27}},"9":{"start":{"line":37,"column":8},"end":{"line":39,"column":21}},"10":{"start":{"line":40,"column":8},"end":{"line":53,"column":9}},"11":{"start":{"line":43,"column":12},"end":{"line":46,"column":14}},"12":{"start":{"line":47,"column":12},"end":{"line":47,"column":18}},"13":{"start":{"line":50,"column":12},"end":{"line":51,"column":46}},"14":{"start":{"line":52,"column":12},"end":{"line":52,"column":18}},"15":{"start":{"line":55,"column":8},"end":{"line":55,"column":35}},"16":{"start":{"line":61,"column":4},"end":{"line":63,"column":9}},"17":{"start":{"line":62,"column":8},"end":{"line":62,"column":15}},"18":{"start":{"line":64,"column":4},"end":{"line":77,"column":5}},"19":{"start":{"line":70,"column":8},"end":{"line":70,"column":14}},"20":{"start":{"line":76,"column":8},"end":{"line":76,"column":14}},"21":{"start":{"line":82,"column":4},"end":{"line":84,"column":9}},"22":{"start":{"line":83,"column":8},"end":{"line":83,"column":15}},"23":{"start":{"line":85,"column":4},"end":{"line":174,"column":5}},"24":{"start":{"line":92,"column":8},"end":{"line":94,"column":63}},"25":{"start":{"line":95,"column":8},"end":{"line":95,"column":14}},"26":{"start":{"line":102,"column":8},"end":{"line":111,"column":10},"skip":true},"27":{"start":{"line":109,"column":12},"end":{"line":109,"column":55},"skip":true},"28":{"start":{"line":110,"column":12},"end":{"line":110,"column":48},"skip":true},"29":{"start":{"line":113,"column":8},"end":{"line":125,"column":10},"skip":true},"30":{"start":{"line":120,"column":12},"end":{"line":120,"column":76},"skip":true},"31":{"start":{"line":121,"column":12},"end":{"line":121,"column":73},"skip":true},"32":{"start":{"line":122,"column":12},"end":{"line":122,"column":74},"skip":true},"33":{"start":{"line":123,"column":12},"end":{"line":123,"column":25},"skip":true},"34":{"start":{"line":124,"column":12},"end":{"line":124,"column":45},"skip":true},"35":{"start":{"line":127,"column":8},"end":{"line":136,"column":10},"skip":true},"36":{"start":{"line":134,"column":12},"end":{"line":134,"column":25},"skip":true},"37":{"start":{"line":135,"column":12},"end":{"line":135,"column":45},"skip":true},"38":{"start":{"line":138,"column":8},"end":{"line":147,"column":10},"skip":true},"39":{"start":{"line":145,"column":12},"end":{"line":145,"column":25},"skip":true},"40":{"start":{"line":146,"column":12},"end":{"line":146,"column":48},"skip":true},"41":{"start":{"line":149,"column":8},"end":{"line":158,"column":10},"skip":true},"42":{"start":{"line":156,"column":12},"end":{"line":156,"column":25},"skip":true},"43":{"start":{"line":157,"column":12},"end":{"line":157,"column":46},"skip":true},"44":{"start":{"line":160,"column":8},"end":{"line":169,"column":10},"skip":true},"45":{"start":{"line":167,"column":12},"end":{"line":167,"column":94},"skip":true},"46":{"start":{"line":168,"column":12},"end":{"line":168,"column":48},"skip":true},"47":{"start":{"line":172,"column":8},"end":{"line":172,"column":35},"skip":true},"48":{"start":{"line":173,"column":8},"end":{"line":173,"column":14},"skip":true}},"branchMap":{"1":{"line":25,"type":"binary-expr","locations":[{"start":{"line":25,"column":23},"end":{"line":25,"column":62}},{"start":{"line":26,"column":20},"end":{"line":26,"column":70}},{"start":{"line":27,"column":20},"end":{"line":27,"column":71}},{"start":{"line":28,"column":20},"end":{"line":28,"column":29}}]},"2":{"line":30,"type":"binary-expr","locations":[{"start":{"line":30,"column":23},"end":{"line":30,"column":37}},{"start":{"line":31,"column":20},"end":{"line":31,"column":61}},{"start":{"line":32,"column":20},"end":{"line":32,"column":70}},{"start":{"line":33,"column":20},"end":{"line":33,"column":26}}]},"3":{"line":37,"type":"cond-expr","locations":[{"start":{"line":38,"column":14},"end":{"line":38,"column":20}},{"start":{"line":39,"column":14},"end":{"line":39,"column":20}}]},"4":{"line":40,"type":"switch","locations":[{"start":{"line":42,"column":8},"end":{"line":47,"column":18}},{"start":{"line":49,"column":8},"end":{"line":52,"column":18}}]},"5":{"line":44,"type":"binary-expr","locations":[{"start":{"line":44,"column":16},"end":{"line":44,"column":44}},{"start":{"line":44,"column":48},"end":{"line":44,"column":66}}]},"6":{"line":50,"type":"binary-expr","locations":[{"start":{"line":50,"column":21},"end":{"line":50,"column":49}},{"start":{"line":50,"column":53},"end":{"line":50,"column":72}}]},"7":{"line":64,"type":"switch","locations":[{"start":{"line":69,"column":4},"end":{"line":70,"column":14}},{"start":{"line":75,"column":4},"end":{"line":76,"column":14}}]},"8":{"line":85,"type":"switch","locations":[{"start":{"line":90,"column":4},"end":{"line":95,"column":14}},{"start":{"line":101,"column":4},"end":{"line":173,"column":14},"skip":true}]},"9":{"line":92,"type":"binary-expr","locations":[{"start":{"line":92,"column":18},"end":{"line":92,"column":32}},{"start":{"line":93,"column":12},"end":{"line":93,"column":53}},{"start":{"line":94,"column":12},"end":{"line":94,"column":61}}]},"10":{"line":102,"type":"binary-expr","locations":[{"start":{"line":102,"column":45},"end":{"line":102,"column":79},"skip":true},{"start":{"line":102,"column":83},"end":{"line":111,"column":9},"skip":true}]},"11":{"line":113,"type":"binary-expr","locations":[{"start":{"line":113,"column":42},"end":{"line":113,"column":73},"skip":true},{"start":{"line":113,"column":77},"end":{"line":125,"column":9},"skip":true}]},"12":{"line":127,"type":"binary-expr","locations":[{"start":{"line":127,"column":42},"end":{"line":127,"column":73},"skip":true},{"start":{"line":127,"column":77},"end":{"line":136,"column":9},"skip":true}]},"13":{"line":138,"type":"binary-expr","locations":[{"start":{"line":138,"column":45},"end":{"line":138,"column":79},"skip":true},{"start":{"line":138,"column":83},"end":{"line":147,"column":9},"skip":true}]},"14":{"line":149,"type":"binary-expr","locations":[{"start":{"line":149,"column":43},"end":{"line":149,"column":75},"skip":true},{"start":{"line":149,"column":79},"end":{"line":158,"column":9},"skip":true}]},"15":{"line":160,"type":"binary-expr","locations":[{"start":{"line":160,"column":41},"end":{"line":160,"column":71},"skip":true},{"start":{"line":160,"column":75},"end":{"line":169,"column":9},"skip":true}]}},"code":["/* istanbul instrument in package npmtest_phonegap */","/*jslint","    bitwise: true,","    browser: true,","    maxerr: 8,","    maxlen: 96,","    node: true,","    nomen: true,","    regexp: true,","    stupid: true","*/","(function () {","    'use strict';","    var local;","","","","    // run shared js-env code - pre-init","    (function () {","        // init local","        local = {};","        // init modeJs","        local.modeJs = (function () {","            try {","                return typeof navigator.userAgent === 'string' &&","                    typeof document.querySelector('body') === 'object' &&","                    typeof XMLHttpRequest.prototype.open === 'function' &&","                    'browser';","            } catch (errorCaughtBrowser) {","                return module.exports &&","                    typeof process.versions.node === 'string' &&","                    typeof require('http').createServer === 'function' &&","                    'node';","            }","        }());","        // init global","        local.global = local.modeJs === 'browser'","            ? window","            : global;","        switch (local.modeJs) {","        // re-init local from window.local","        case 'browser':","            local = local.global.utility2.objectSetDefault(","                local.global.utility2_rollup || local.global.local,","                local.global.utility2","            );","            break;","        // re-init local from example.js","        case 'node':","            local = (local.global.utility2_rollup || require('utility2'))","                .requireExampleJsFromReadme();","            break;","        }","        // export local","        local.global.local = local;","    }());","","","","    // run shared js-env code - function","    (function () {","        return;","    }());","    switch (local.modeJs) {","","","","    // run browser js-env code - function","    case 'browser':","        break;","","","","    // run node js-env code - function","    case 'node':","        break;","    }","","","","    // run shared js-env code - post-init","    (function () {","        return;","    }());","    switch (local.modeJs) {","","","","    // run browser js-env code - post-init","    case 'browser':","        // run tests","        local.nop(local.modeTest &&","            document.querySelector('#testRunButton1') &&","            document.querySelector('#testRunButton1').click());","        break;","","","","    // run node js-env code - post-init","    /* istanbul ignore next */","    case 'node':","        local.testCase_buildApidoc_default = local.testCase_buildApidoc_default || function (","            options,","            onError","        ) {","        /*","         * this function will test buildApidoc's default handling-behavior-behavior","         */","            options = { modulePathList: module.paths };","            local.buildApidoc(options, onError);","        };","","        local.testCase_buildApp_default = local.testCase_buildApp_default || function (","            options,","            onError","        ) {","        /*","         * this function will test buildApp's default handling-behavior-behavior","         */","            local.testCase_buildReadme_default(options, local.onErrorThrow);","            local.testCase_buildLib_default(options, local.onErrorThrow);","            local.testCase_buildTest_default(options, local.onErrorThrow);","            options = [];","            local.buildApp(options, onError);","        };","","        local.testCase_buildLib_default = local.testCase_buildLib_default || function (","            options,","            onError","        ) {","        /*","         * this function will test buildLib's default handling-behavior","         */","            options = {};","            local.buildLib(options, onError);","        };","","        local.testCase_buildReadme_default = local.testCase_buildReadme_default || function (","            options,","            onError","        ) {","        /*","         * this function will test buildReadme's default handling-behavior-behavior","         */","            options = {};","            local.buildReadme(options, onError);","        };","","        local.testCase_buildTest_default = local.testCase_buildTest_default || function (","            options,","            onError","        ) {","        /*","         * this function will test buildTest's default handling-behavior","         */","            options = {};","            local.buildTest(options, onError);","        };","","        local.testCase_webpage_default = local.testCase_webpage_default || function (","            options,","            onError","        ) {","        /*","         * this function will test webpage's default handling-behavior","         */","            options = { modeCoverageMerge: true, url: local.serverLocalHost + '?modeTest=1' };","            local.browserTest(options, onError);","        };","","        // run test-server","        local.testRunServer(local);","        break;","    }","}());",""],"l":{"12":2,"14":2,"19":2,"21":2,"23":2,"24":2,"25":2,"30":1,"37":2,"40":2,"43":1,"47":1,"50":1,"52":1,"55":2,"61":2,"62":2,"64":2,"70":1,"76":1,"82":2,"83":2,"85":2,"92":1,"95":1,"102":1,"109":1,"110":1,"113":1,"120":1,"121":1,"122":1,"123":1,"124":1,"127":1,"134":2,"135":2,"138":1,"145":2,"146":2,"149":1,"156":2,"157":2,"160":1,"167":1,"168":1,"172":1,"173":1}},"/home/travis/build/npmtest/node-npmtest-phonegap/lib.npmtest_phonegap.js":{"path":"/home/travis/build/npmtest/node-npmtest-phonegap/lib.npmtest_phonegap.js","s":{"1":2,"2":2,"3":2,"4":2,"5":2,"6":2,"7":2,"8":1,"9":2,"10":2,"11":2,"12":2,"13":1,"14":1,"15":1,"16":1},"b":{"1":[2,1,1,1],"2":[1,1,1,1],"3":[1,1],"4":[2,2],"5":[1,1]},"f":{"1":2,"2":2,"3":2},"fnMap":{"1":{"name":"(anonymous_1)","line":12,"loc":{"start":{"line":12,"column":1},"end":{"line":12,"column":13}}},"2":{"name":"(anonymous_2)","line":19,"loc":{"start":{"line":19,"column":5},"end":{"line":19,"column":17}}},"3":{"name":"(anonymous_3)","line":23,"loc":{"start":{"line":23,"column":24},"end":{"line":23,"column":36}}}},"statementMap":{"1":{"start":{"line":12,"column":0},"end":{"line":53,"column":5}},"2":{"start":{"line":14,"column":4},"end":{"line":14,"column":14}},"3":{"start":{"line":19,"column":4},"end":{"line":52,"column":9}},"4":{"start":{"line":21,"column":8},"end":{"line":21,"column":19}},"5":{"start":{"line":23,"column":8},"end":{"line":35,"column":13}},"6":{"start":{"line":24,"column":12},"end":{"line":34,"column":13}},"7":{"start":{"line":25,"column":16},"end":{"line":28,"column":30}},"8":{"start":{"line":30,"column":16},"end":{"line":33,"column":27}},"9":{"start":{"line":37,"column":8},"end":{"line":39,"column":21}},"10":{"start":{"line":41,"column":8},"end":{"line":41,"column":54}},"11":{"start":{"line":43,"column":8},"end":{"line":43,"column":53}},"12":{"start":{"line":45,"column":8},"end":{"line":51,"column":9}},"13":{"start":{"line":46,"column":12},"end":{"line":46,"column":59}},"14":{"start":{"line":48,"column":12},"end":{"line":48,"column":35}},"15":{"start":{"line":49,"column":12},"end":{"line":49,"column":49}},"16":{"start":{"line":50,"column":12},"end":{"line":50,"column":43}}},"branchMap":{"1":{"line":25,"type":"binary-expr","locations":[{"start":{"line":25,"column":23},"end":{"line":25,"column":62}},{"start":{"line":26,"column":20},"end":{"line":26,"column":70}},{"start":{"line":27,"column":20},"end":{"line":27,"column":71}},{"start":{"line":28,"column":20},"end":{"line":28,"column":29}}]},"2":{"line":30,"type":"binary-expr","locations":[{"start":{"line":30,"column":23},"end":{"line":30,"column":37}},{"start":{"line":31,"column":20},"end":{"line":31,"column":61}},{"start":{"line":32,"column":20},"end":{"line":32,"column":70}},{"start":{"line":33,"column":20},"end":{"line":33,"column":26}}]},"3":{"line":37,"type":"cond-expr","locations":[{"start":{"line":38,"column":14},"end":{"line":38,"column":20}},{"start":{"line":39,"column":14},"end":{"line":39,"column":20}}]},"4":{"line":41,"type":"binary-expr","locations":[{"start":{"line":41,"column":16},"end":{"line":41,"column":44}},{"start":{"line":41,"column":48},"end":{"line":41,"column":53}}]},"5":{"line":45,"type":"if","locations":[{"start":{"line":45,"column":8},"end":{"line":45,"column":8}},{"start":{"line":45,"column":8},"end":{"line":45,"column":8}}]}},"code":["/* istanbul instrument in package npmtest_phonegap */","/*jslint","    bitwise: true,","    browser: true,","    maxerr: 8,","    maxlen: 96,","    node: true,","    nomen: true,","    regexp: true,","    stupid: true","*/","(function () {","    'use strict';","    var local;","","","","    // run shared js-env code - pre-init","    (function () {","        // init local","        local = {};","        // init modeJs","        local.modeJs = (function () {","            try {","                return typeof navigator.userAgent === 'string' &&","                    typeof document.querySelector('body') === 'object' &&","                    typeof XMLHttpRequest.prototype.open === 'function' &&","                    'browser';","            } catch (errorCaughtBrowser) {","                return module.exports &&","                    typeof process.versions.node === 'string' &&","                    typeof require('http').createServer === 'function' &&","                    'node';","            }","        }());","        // init global","        local.global = local.modeJs === 'browser'","            ? window","            : global;","        // init utility2_rollup","        local = local.global.utility2_rollup || local;","        // init lib","        local.local = local.npmtest_phonegap = local;","        // init exports","        if (local.modeJs === 'browser') {","            local.global.utility2_npmtest_phonegap = local;","        } else {","            module.exports = local;","            module.exports.__dirname = __dirname;","            module.exports.module = module;","        }","    }());","}());",""],"l":{"12":2,"14":2,"19":2,"21":2,"23":2,"24":2,"25":2,"30":1,"37":2,"41":2,"43":2,"45":2,"46":1,"48":1,"49":1,"50":1}},"/home/travis/build/npmtest/node-npmtest-phonegap/example.js":{"path":"/home/travis/build/npmtest/node-npmtest-phonegap/example.js","s":{"1":2,"2":2,"3":2,"4":2,"5":2,"6":2,"7":2,"8":1,"9":2,"10":2,"11":2,"12":2,"13":1,"14":2,"15":2,"16":2,"17":2,"18":2,"19":0,"20":2,"21":1,"22":1,"23":1,"24":1,"25":1,"26":0,"27":0,"28":1,"29":1,"30":2,"31":0,"32":0,"33":0,"34":1,"35":2,"36":2,"37":2,"38":2,"39":2,"40":2,"41":0,"42":2,"43":2,"44":2,"45":1,"46":3,"47":1,"48":1,"49":1,"50":1,"51":1,"52":1,"53":1,"54":1,"55":1,"56":1,"57":0,"58":1,"59":6,"60":6,"61":1,"62":2,"63":0,"64":2,"65":1,"66":1,"67":0,"68":0,"69":0,"70":0,"71":0,"72":0,"73":0,"74":0,"75":0,"76":0,"77":0,"78":0,"79":0,"80":0,"81":0,"82":0,"83":0},"b":{"1":[2,1,1,1],"2":[1,1,1,1],"3":[1,1],"4":[2,2],"5":[1,1],"6":[1,1],"7":[2,0],"8":[2,1,1,1,1,1],"9":[0,2,0],"10":[1,1],"11":[2,1,1],"12":[1,0],"13":[0,2],"14":[2,0,0,0,0,0,0],"15":[0,2],"16":[2,0],"17":[1,1],"18":[0,1],"19":[1,2,0,2],"20":[1,0],"21":[1,1],"22":[0,0],"23":[0,0],"24":[0,0],"25":[0,0],"26":[0,0],"27":[0,0],"28":[0,0]},"f":{"1":2,"2":2,"3":2,"4":2,"5":2,"6":2,"7":2,"8":2,"9":3,"10":1,"11":6,"12":0},"fnMap":{"1":{"name":"(anonymous_1)","line":26,"loc":{"start":{"line":26,"column":1},"end":{"line":26,"column":13}}},"2":{"name":"(anonymous_2)","line":33,"loc":{"start":{"line":33,"column":5},"end":{"line":33,"column":17}}},"3":{"name":"(anonymous_3)","line":37,"loc":{"start":{"line":37,"column":24},"end":{"line":37,"column":36}}},"4":{"name":"(anonymous_4)","line":69,"loc":{"start":{"line":69,"column":31},"end":{"line":69,"column":48}},"skip":true},"5":{"name":"(anonymous_5)","line":78,"loc":{"start":{"line":78,"column":26},"end":{"line":78,"column":45}},"skip":true},"6":{"name":"(anonymous_6)","line":123,"loc":{"start":{"line":123,"column":33},"end":{"line":123,"column":48}},"skip":true},"7":{"name":"(anonymous_7)","line":125,"loc":{"start":{"line":125,"column":27},"end":{"line":125,"column":39}},"skip":true},"8":{"name":"(anonymous_8)","line":133,"loc":{"start":{"line":133,"column":59},"end":{"line":133,"column":74}},"skip":true},"9":{"name":"(anonymous_9)","line":143,"loc":{"start":{"line":143,"column":45},"end":{"line":143,"column":62}},"skip":true},"10":{"name":"(anonymous_10)","line":144,"loc":{"start":{"line":144,"column":73},"end":{"line":144,"column":92}},"skip":true},"11":{"name":"(anonymous_11)","line":272,"loc":{"start":{"line":272,"column":51},"end":{"line":272,"column":77}},"skip":true},"12":{"name":"(anonymous_12)","line":314,"loc":{"start":{"line":314,"column":32},"end":{"line":314,"column":61}},"skip":true}},"statementMap":{"1":{"start":{"line":26,"column":0},"end":{"line":325,"column":5}},"2":{"start":{"line":28,"column":4},"end":{"line":28,"column":14}},"3":{"start":{"line":33,"column":4},"end":{"line":60,"column":9}},"4":{"start":{"line":35,"column":8},"end":{"line":35,"column":19}},"5":{"start":{"line":37,"column":8},"end":{"line":49,"column":13}},"6":{"start":{"line":38,"column":12},"end":{"line":48,"column":13}},"7":{"start":{"line":39,"column":16},"end":{"line":42,"column":30}},"8":{"start":{"line":44,"column":16},"end":{"line":47,"column":27}},"9":{"start":{"line":51,"column":8},"end":{"line":53,"column":21}},"10":{"start":{"line":55,"column":8},"end":{"line":57,"column":45}},"11":{"start":{"line":59,"column":8},"end":{"line":59,"column":35}},"12":{"start":{"line":61,"column":4},"end":{"line":324,"column":5}},"13":{"start":{"line":69,"column":8},"end":{"line":121,"column":10},"skip":true},"14":{"start":{"line":70,"column":12},"end":{"line":88,"column":13},"skip":true},"15":{"start":{"line":76,"column":16},"end":{"line":87,"column":19},"skip":true},"16":{"start":{"line":79,"column":20},"end":{"line":86,"column":21},"skip":true},"17":{"start":{"line":82,"column":24},"end":{"line":82,"column":43},"skip":true},"18":{"start":{"line":83,"column":24},"end":{"line":83,"column":30},"skip":true},"19":{"start":{"line":85,"column":24},"end":{"line":85,"column":49},"skip":true},"20":{"start":{"line":89,"column":12},"end":{"line":107,"column":13},"skip":true},"21":{"start":{"line":92,"column":16},"end":{"line":102,"column":17},"skip":true},"22":{"start":{"line":93,"column":20},"end":{"line":93,"column":86},"skip":true},"23":{"start":{"line":94,"column":20},"end":{"line":95,"column":45},"skip":true},"24":{"start":{"line":96,"column":20},"end":{"line":96,"column":42},"skip":true},"25":{"start":{"line":97,"column":20},"end":{"line":97,"column":48},"skip":true},"26":{"start":{"line":100,"column":20},"end":{"line":100,"column":85},"skip":true},"27":{"start":{"line":101,"column":20},"end":{"line":101,"column":96},"skip":true},"28":{"start":{"line":103,"column":16},"end":{"line":103,"column":22},"skip":true},"29":{"start":{"line":106,"column":16},"end":{"line":106,"column":22},"skip":true},"30":{"start":{"line":108,"column":12},"end":{"line":120,"column":13},"skip":true},"31":{"start":{"line":114,"column":16},"end":{"line":119,"column":17},"skip":true},"32":{"start":{"line":116,"column":20},"end":{"line":116,"column":78},"skip":true},"33":{"start":{"line":118,"column":20},"end":{"line":118,"column":53},"skip":true},"34":{"start":{"line":123,"column":8},"end":{"line":141,"column":11},"skip":true},"35":{"start":{"line":124,"column":12},"end":{"line":124,"column":54},"skip":true},"36":{"start":{"line":125,"column":12},"end":{"line":140,"column":14},"skip":true},"37":{"start":{"line":126,"column":16},"end":{"line":126,"column":28},"skip":true},"38":{"start":{"line":127,"column":16},"end":{"line":127,"column":69},"skip":true},"39":{"start":{"line":128,"column":16},"end":{"line":128,"column":75},"skip":true},"40":{"start":{"line":129,"column":16},"end":{"line":131,"column":17},"skip":true},"41":{"start":{"line":130,"column":20},"end":{"line":130,"column":27},"skip":true},"42":{"start":{"line":133,"column":16},"end":{"line":137,"column":36},"skip":true},"43":{"start":{"line":134,"column":20},"end":{"line":136,"column":55},"skip":true},"44":{"start":{"line":139,"column":16},"end":{"line":139,"column":57},"skip":true},"45":{"start":{"line":143,"column":8},"end":{"line":147,"column":11},"skip":true},"46":{"start":{"line":144,"column":12},"end":{"line":146,"column":15},"skip":true},"47":{"start":{"line":145,"column":16},"end":{"line":145,"column":70},"skip":true},"48":{"start":{"line":149,"column":8},"end":{"line":149,"column":31},"skip":true},"49":{"start":{"line":150,"column":8},"end":{"line":150,"column":14},"skip":true},"50":{"start":{"line":158,"column":8},"end":{"line":158,"column":31},"skip":true},"51":{"start":{"line":160,"column":8},"end":{"line":160,"column":33},"skip":true},"52":{"start":{"line":161,"column":8},"end":{"line":161,"column":37},"skip":true},"53":{"start":{"line":162,"column":8},"end":{"line":162,"column":35},"skip":true},"54":{"start":{"line":164,"column":8},"end":{"line":164,"column":50},"skip":true},"55":{"start":{"line":166,"column":8},"end":{"line":256,"column":2},"skip":true},"56":{"start":{"line":258,"column":8},"end":{"line":286,"column":9},"skip":true},"57":{"start":{"line":259,"column":12},"end":{"line":269,"column":14},"skip":true},"58":{"start":{"line":271,"column":12},"end":{"line":285,"column":19},"skip":true},"59":{"start":{"line":274,"column":20},"end":{"line":274,"column":35},"skip":true},"60":{"start":{"line":275,"column":20},"end":{"line":284,"column":21},"skip":true},"61":{"start":{"line":277,"column":24},"end":{"line":277,"column":64},"skip":true},"62":{"start":{"line":279,"column":24},"end":{"line":279,"column":40},"skip":true},"63":{"start":{"line":281,"column":24},"end":{"line":281,"column":40},"skip":true},"64":{"start":{"line":283,"column":24},"end":{"line":283,"column":39},"skip":true},"65":{"start":{"line":288,"column":8},"end":{"line":290,"column":9},"skip":true},"66":{"start":{"line":289,"column":12},"end":{"line":289,"column":18},"skip":true},"67":{"start":{"line":291,"column":8},"end":{"line":293,"column":54},"skip":true},"68":{"start":{"line":294,"column":8},"end":{"line":301,"column":37},"skip":true},"69":{"start":{"line":302,"column":8},"end":{"line":302,"column":82},"skip":true},"70":{"start":{"line":305,"column":8},"end":{"line":307,"column":9},"skip":true},"71":{"start":{"line":306,"column":12},"end":{"line":306,"column":82},"skip":true},"72":{"start":{"line":309,"column":8},"end":{"line":311,"column":9},"skip":true},"73":{"start":{"line":310,"column":12},"end":{"line":310,"column":18},"skip":true},"74":{"start":{"line":312,"column":8},"end":{"line":312,"column":54},"skip":true},"75":{"start":{"line":313,"column":8},"end":{"line":313,"column":69},"skip":true},"76":{"start":{"line":314,"column":8},"end":{"line":322,"column":36},"skip":true},"77":{"start":{"line":315,"column":12},"end":{"line":315,"column":61},"skip":true},"78":{"start":{"line":316,"column":12},"end":{"line":319,"column":13},"skip":true},"79":{"start":{"line":317,"column":16},"end":{"line":317,"column":75},"skip":true},"80":{"start":{"line":318,"column":16},"end":{"line":318,"column":23},"skip":true},"81":{"start":{"line":320,"column":12},"end":{"line":320,"column":38},"skip":true},"82":{"start":{"line":321,"column":12},"end":{"line":321,"column":27},"skip":true},"83":{"start":{"line":323,"column":8},"end":{"line":323,"column":14},"skip":true}},"branchMap":{"1":{"line":39,"type":"binary-expr","locations":[{"start":{"line":39,"column":23},"end":{"line":39,"column":62}},{"start":{"line":40,"column":20},"end":{"line":40,"column":70}},{"start":{"line":41,"column":20},"end":{"line":41,"column":71}},{"start":{"line":42,"column":20},"end":{"line":42,"column":29}}]},"2":{"line":44,"type":"binary-expr","locations":[{"start":{"line":44,"column":23},"end":{"line":44,"column":37}},{"start":{"line":45,"column":20},"end":{"line":45,"column":61}},{"start":{"line":46,"column":20},"end":{"line":46,"column":70}},{"start":{"line":47,"column":20},"end":{"line":47,"column":26}}]},"3":{"line":51,"type":"cond-expr","locations":[{"start":{"line":52,"column":14},"end":{"line":52,"column":20}},{"start":{"line":53,"column":14},"end":{"line":53,"column":20}}]},"4":{"line":55,"type":"binary-expr","locations":[{"start":{"line":55,"column":16},"end":{"line":55,"column":44}},{"start":{"line":55,"column":49},"end":{"line":57,"column":43}}]},"5":{"line":55,"type":"cond-expr","locations":[{"start":{"line":56,"column":14},"end":{"line":56,"column":52}},{"start":{"line":57,"column":14},"end":{"line":57,"column":43}}]},"6":{"line":61,"type":"switch","locations":[{"start":{"line":68,"column":4},"end":{"line":150,"column":14},"skip":true},{"start":{"line":156,"column":4},"end":{"line":323,"column":14},"skip":true}]},"7":{"line":70,"type":"if","locations":[{"start":{"line":70,"column":12},"end":{"line":70,"column":12},"skip":true},{"start":{"line":70,"column":12},"end":{"line":70,"column":12},"skip":true}]},"8":{"line":70,"type":"binary-expr","locations":[{"start":{"line":70,"column":16},"end":{"line":70,"column":22},"skip":true},{"start":{"line":70,"column":27},"end":{"line":70,"column":32},"skip":true},{"start":{"line":71,"column":20},"end":{"line":71,"column":39},"skip":true},{"start":{"line":72,"column":20},"end":{"line":72,"column":49},"skip":true},{"start":{"line":73,"column":20},"end":{"line":73,"column":58},"skip":true},{"start":{"line":74,"column":20},"end":{"line":74,"column":69},"skip":true}]},"9":{"line":79,"type":"switch","locations":[{"start":{"line":80,"column":20},"end":{"line":80,"column":33},"skip":true},{"start":{"line":81,"column":20},"end":{"line":83,"column":30},"skip":true},{"start":{"line":84,"column":20},"end":{"line":85,"column":49},"skip":true}]},"10":{"line":89,"type":"switch","locations":[{"start":{"line":90,"column":12},"end":{"line":103,"column":22},"skip":true},{"start":{"line":105,"column":12},"end":{"line":106,"column":22},"skip":true}]},"11":{"line":89,"type":"binary-expr","locations":[{"start":{"line":89,"column":20},"end":{"line":89,"column":25},"skip":true},{"start":{"line":89,"column":29},"end":{"line":89,"column":48},"skip":true},{"start":{"line":89,"column":52},"end":{"line":89,"column":74},"skip":true}]},"12":{"line":92,"type":"if","locations":[{"start":{"line":92,"column":16},"end":{"line":92,"column":16},"skip":true},{"start":{"line":92,"column":16},"end":{"line":92,"column":16},"skip":true}]},"13":{"line":108,"type":"if","locations":[{"start":{"line":108,"column":12},"end":{"line":108,"column":12},"skip":true},{"start":{"line":108,"column":12},"end":{"line":108,"column":12},"skip":true}]},"14":{"line":108,"type":"binary-expr","locations":[{"start":{"line":108,"column":16},"end":{"line":108,"column":61},"skip":true},{"start":{"line":108,"column":66},"end":{"line":108,"column":72},"skip":true},{"start":{"line":108,"column":77},"end":{"line":108,"column":82},"skip":true},{"start":{"line":109,"column":20},"end":{"line":109,"column":39},"skip":true},{"start":{"line":110,"column":20},"end":{"line":110,"column":49},"skip":true},{"start":{"line":111,"column":20},"end":{"line":111,"column":58},"skip":true},{"start":{"line":112,"column":20},"end":{"line":112,"column":68},"skip":true}]},"15":{"line":129,"type":"if","locations":[{"start":{"line":129,"column":16},"end":{"line":129,"column":16},"skip":true},{"start":{"line":129,"column":16},"end":{"line":129,"column":16},"skip":true}]},"16":{"line":134,"type":"cond-expr","locations":[{"start":{"line":135,"column":26},"end":{"line":135,"column":29},"skip":true},{"start":{"line":136,"column":26},"end":{"line":136,"column":54},"skip":true}]},"17":{"line":164,"type":"binary-expr","locations":[{"start":{"line":164,"column":27},"end":{"line":164,"column":43},"skip":true},{"start":{"line":164,"column":47},"end":{"line":164,"column":49},"skip":true}]},"18":{"line":258,"type":"if","locations":[{"start":{"line":258,"column":8},"end":{"line":258,"column":8},"skip":true},{"start":{"line":258,"column":8},"end":{"line":258,"column":8},"skip":true}]},"19":{"line":275,"type":"switch","locations":[{"start":{"line":276,"column":20},"end":{"line":277,"column":64},"skip":true},{"start":{"line":278,"column":20},"end":{"line":279,"column":40},"skip":true},{"start":{"line":280,"column":20},"end":{"line":281,"column":40},"skip":true},{"start":{"line":282,"column":20},"end":{"line":283,"column":39},"skip":true}]},"20":{"line":288,"type":"if","locations":[{"start":{"line":288,"column":8},"end":{"line":288,"column":8},"skip":true},{"start":{"line":288,"column":8},"end":{"line":288,"column":8},"skip":true}]},"21":{"line":288,"type":"binary-expr","locations":[{"start":{"line":288,"column":12},"end":{"line":288,"column":40},"skip":true},{"start":{"line":288,"column":44},"end":{"line":288,"column":67},"skip":true}]},"22":{"line":292,"type":"binary-expr","locations":[{"start":{"line":292,"column":12},"end":{"line":292,"column":50},"skip":true},{"start":{"line":293,"column":12},"end":{"line":293,"column":53},"skip":true}]},"23":{"line":295,"type":"binary-expr","locations":[{"start":{"line":295,"column":12},"end":{"line":295,"column":66},"skip":true},{"start":{"line":296,"column":12},"end":{"line":301,"column":36},"skip":true}]},"24":{"line":302,"type":"binary-expr","locations":[{"start":{"line":302,"column":43},"end":{"line":302,"column":75},"skip":true},{"start":{"line":302,"column":79},"end":{"line":302,"column":81},"skip":true}]},"25":{"line":305,"type":"if","locations":[{"start":{"line":305,"column":8},"end":{"line":305,"column":8},"skip":true},{"start":{"line":305,"column":8},"end":{"line":305,"column":8},"skip":true}]},"26":{"line":309,"type":"if","locations":[{"start":{"line":309,"column":8},"end":{"line":309,"column":8},"skip":true},{"start":{"line":309,"column":8},"end":{"line":309,"column":8},"skip":true}]},"27":{"line":312,"type":"binary-expr","locations":[{"start":{"line":312,"column":27},"end":{"line":312,"column":43},"skip":true},{"start":{"line":312,"column":47},"end":{"line":312,"column":53},"skip":true}]},"28":{"line":316,"type":"if","locations":[{"start":{"line":316,"column":12},"end":{"line":316,"column":12},"skip":true},{"start":{"line":316,"column":12},"end":{"line":316,"column":12},"skip":true}]}},"code":["/*","example.js","","quickstart example","","instruction","    1. save this script as example.js","    2. run the shell command:","        $ npm install npmtest-phonegap && PORT=8081 node example.js","    3. play with the browser-demo on http://127.0.0.1:8081","*/","","","","/* istanbul instrument in package npmtest_phonegap */","/*jslint","    bitwise: true,","    browser: true,","    maxerr: 8,","    maxlen: 96,","    node: true,","    nomen: true,","    regexp: true,","    stupid: true","*/","(function () {","    'use strict';","    var local;","","","","    // run shared js-env code - pre-init","    (function () {","        // init local","        local = {};","        // init modeJs","        local.modeJs = (function () {","            try {","                return typeof navigator.userAgent === 'string' &&","                    typeof document.querySelector('body') === 'object' &&","                    typeof XMLHttpRequest.prototype.open === 'function' &&","                    'browser';","            } catch (errorCaughtBrowser) {","                return module.exports &&","                    typeof process.versions.node === 'string' &&","                    typeof require('http').createServer === 'function' &&","                    'node';","            }","        }());","        // init global","        local.global = local.modeJs === 'browser'","            ? window","            : global;","        // init utility2_rollup","        local = local.global.utility2_rollup || (local.modeJs === 'browser'","            ? local.global.utility2_npmtest_phonegap","            : global.utility2_moduleExports);","        // export local","        local.global.local = local;","    }());","    switch (local.modeJs) {","","","","    // post-init","    // run browser js-env code - post-init","    /* istanbul ignore next */","    case 'browser':","        local.testRunBrowser = function (event) {","            if (!event || (event &&","                    event.currentTarget &&","                    event.currentTarget.className &&","                    event.currentTarget.className.includes &&","                    event.currentTarget.className.includes('onreset'))) {","                // reset output","                Array.from(","                    document.querySelectorAll('body > .resettable')","                ).forEach(function (element) {","                    switch (element.tagName) {","                    case 'INPUT':","                    case 'TEXTAREA':","                        element.value = '';","                        break;","                    default:","                        element.textContent = '';","                    }","                });","            }","            switch (event && event.currentTarget && event.currentTarget.id) {","            case 'testRunButton1':","                // show tests","                if (document.querySelector('#testReportDiv1').style.display === 'none') {","                    document.querySelector('#testReportDiv1').style.display = 'block';","                    document.querySelector('#testRunButton1').textContent =","                        'hide internal test';","                    local.modeTest = true;","                    local.testRunDefault(local);","                // hide tests","                } else {","                    document.querySelector('#testReportDiv1').style.display = 'none';","                    document.querySelector('#testRunButton1').textContent = 'run internal test';","                }","                break;","            // custom-case","            default:","                break;","            }","            if (document.querySelector('#inputTextareaEval1') && (!event || (event &&","                    event.currentTarget &&","                    event.currentTarget.className &&","                    event.currentTarget.className.includes &&","                    event.currentTarget.className.includes('oneval')))) {","                // try to eval input-code","                try {","                    /*jslint evil: true*/","                    eval(document.querySelector('#inputTextareaEval1').value);","                } catch (errorCaught) {","                    console.error(errorCaught.stack);","                }","            }","        };","        // log stderr and stdout to #outputTextareaStdout1","        ['error', 'log'].forEach(function (key) {","            console[key + '_original'] = console[key];","            console[key] = function () {","                var element;","                console[key + '_original'].apply(console, arguments);","                element = document.querySelector('#outputTextareaStdout1');","                if (!element) {","                    return;","                }","                // append text to #outputTextareaStdout1","                element.value += Array.from(arguments).map(function (arg) {","                    return typeof arg === 'string'","                        ? arg","                        : JSON.stringify(arg, null, 4);","                }).join(' ') + '\\n';","                // scroll textarea to bottom","                element.scrollTop = element.scrollHeight;","            };","        });","        // init event-handling","        ['change', 'click', 'keyup'].forEach(function (event) {","            Array.from(document.querySelectorAll('.on' + event)).forEach(function (element) {","                element.addEventListener(event, local.testRunBrowser);","            });","        });","        // run tests","        local.testRunBrowser();","        break;","","","","    // run node js-env code - post-init","    /* istanbul ignore next */","    case 'node':","        // export local","        module.exports = local;","        // require modules","        local.fs = require('fs');","        local.http = require('http');","        local.url = require('url');","        // init assets","        local.assetsDict = local.assetsDict || {};","        /* jslint-ignore-begin */","        local.assetsDict['/assets.index.template.html'] = '\\","<!doctype html>\\n\\","<html lang=\"en\">\\n\\","<head>\\n\\","<meta charset=\"UTF-8\">\\n\\","<meta name=\"viewport\" content=\"width=device-width, initial-scale=1\">\\n\\","<title>{{env.npm_package_name}} (v{{env.npm_package_version}})</title>\\n\\","<style>\\n\\","/*csslint\\n\\","    box-sizing: false,\\n\\","    universal-selector: false\\n\\","*/\\n\\","* {\\n\\","    box-sizing: border-box;\\n\\","}\\n\\","body {\\n\\","    background: #dde;\\n\\","    font-family: Arial, Helvetica, sans-serif;\\n\\","    margin: 2rem;\\n\\","}\\n\\","body > * {\\n\\","    margin-bottom: 1rem;\\n\\","}\\n\\",".utility2FooterDiv {\\n\\","    margin-top: 20px;\\n\\","    text-align: center;\\n\\","}\\n\\","</style>\\n\\","<style>\\n\\","/*csslint\\n\\","*/\\n\\","textarea {\\n\\","    font-family: monospace;\\n\\","    height: 10rem;\\n\\","    width: 100%;\\n\\","}\\n\\","textarea[readonly] {\\n\\","    background: #ddd;\\n\\","}\\n\\","</style>\\n\\","</head>\\n\\","<body>\\n\\","<!-- utility2-comment\\n\\","<div id=\"ajaxProgressDiv1\" style=\"background: #d00; height: 2px; left: 0; margin: 0; padding: 0; position: fixed; top: 0; transition: background 0.5s, width 1.5s; width: 25%;\"></div>\\n\\","utility2-comment -->\\n\\","<h1>\\n\\","<!-- utility2-comment\\n\\","    <a\\n\\","        {{#if env.npm_package_homepage}}\\n\\","        href=\"{{env.npm_package_homepage}}\"\\n\\","        {{/if env.npm_package_homepage}}\\n\\","        target=\"_blank\"\\n\\","    >\\n\\","utility2-comment -->\\n\\","        {{env.npm_package_name}} (v{{env.npm_package_version}})\\n\\","<!-- utility2-comment\\n\\","    </a>\\n\\","utility2-comment -->\\n\\","</h1>\\n\\","<h3>{{env.npm_package_description}}</h3>\\n\\","<!-- utility2-comment\\n\\","<h4><a download href=\"assets.app.js\">download standalone app</a></h4>\\n\\","<button class=\"onclick onreset\" id=\"testRunButton1\">run internal test</button><br>\\n\\","<div id=\"testReportDiv1\" style=\"display: none;\"></div>\\n\\","utility2-comment -->\\n\\","\\n\\","\\n\\","\\n\\","<label>stderr and stdout</label>\\n\\","<textarea class=\"resettable\" id=\"outputTextareaStdout1\" readonly></textarea>\\n\\","<!-- utility2-comment\\n\\","{{#if isRollup}}\\n\\","<script src=\"assets.app.js\"></script>\\n\\","{{#unless isRollup}}\\n\\","utility2-comment -->\\n\\","<script src=\"assets.utility2.rollup.js\"></script>\\n\\","<script src=\"jsonp.utility2._stateInit?callback=window.utility2._stateInit\"></script>\\n\\","<script src=\"assets.npmtest_phonegap.rollup.js\"></script>\\n\\","<script src=\"assets.example.js\"></script>\\n\\","<script src=\"assets.test.js\"></script>\\n\\","<!-- utility2-comment\\n\\","{{/if isRollup}}\\n\\","utility2-comment -->\\n\\","<div class=\"utility2FooterDiv\">\\n\\","    [ this app was created with\\n\\","    <a href=\"https://github.com/kaizhu256/node-utility2\" target=\"_blank\">utility2</a>\\n\\","    ]\\n\\","</div>\\n\\","</body>\\n\\","</html>\\n\\","';","        /* jslint-ignore-end */","        if (local.templateRender) {","            local.assetsDict['/'] = local.templateRender(","                local.assetsDict['/assets.index.template.html'],","                {","                    env: local.objectSetDefault(local.env, {","                        npm_package_description: 'the greatest app in the world!',","                        npm_package_name: 'my-app',","                        npm_package_nameAlias: 'my_app',","                        npm_package_version: '0.0.1'","                    })","                }","            );","        } else {","            local.assetsDict['/'] = local.assetsDict['/assets.index.template.html']","                .replace((/\\{\\{env\\.(\\w+?)\\}\\}/g), function (match0, match1) {","                    // jslint-hack","                    String(match0);","                    switch (match1) {","                    case 'npm_package_description':","                        return 'the greatest app in the world!';","                    case 'npm_package_name':","                        return 'my-app';","                    case 'npm_package_nameAlias':","                        return 'my_app';","                    case 'npm_package_version':","                        return '0.0.1';","                    }","                });","        }","        // run the cli","        if (local.global.utility2_rollup || module !== require.main) {","            break;","        }","        local.assetsDict['/assets.example.js'] =","            local.assetsDict['/assets.example.js'] ||","            local.fs.readFileSync(__filename, 'utf8');","        local.assetsDict['/assets.npmtest_phonegap.rollup.js'] =","            local.assetsDict['/assets.npmtest_phonegap.rollup.js'] ||","            local.fs.readFileSync(","                // buildCustomOrg-hack","                local.npmtest_phonegap.__dirname +","                    '/lib.npmtest_phonegap.js',","                'utf8'","            ).replace((/^#!/), '//');","        local.assetsDict['/favicon.ico'] = local.assetsDict['/favicon.ico'] || '';","        // if $npm_config_timeout_exit exists,","        // then exit this process after $npm_config_timeout_exit ms","        if (Number(process.env.npm_config_timeout_exit)) {","            setTimeout(process.exit, Number(process.env.npm_config_timeout_exit));","        }","        // start server","        if (local.global.utility2_serverHttp1) {","            break;","        }","        process.env.PORT = process.env.PORT || '8081';","        console.error('server starting on port ' + process.env.PORT);","        local.http.createServer(function (request, response) {","            request.urlParsed = local.url.parse(request.url);","            if (local.assetsDict[request.urlParsed.pathname] !== undefined) {","                response.end(local.assetsDict[request.urlParsed.pathname]);","                return;","            }","            response.statusCode = 404;","            response.end();","        }).listen(process.env.PORT);","        break;","    }","}());",""],"l":{"26":2,"28":2,"33":2,"35":2,"37":2,"38":2,"39":2,"44":1,"51":2,"55":2,"59":2,"61":2,"69":1,"70":2,"76":2,"79":2,"82":2,"83":2,"85":1,"89":2,"92":1,"93":1,"94":1,"96":1,"97":1,"100":1,"101":1,"103":1,"106":1,"108":2,"114":1,"116":1,"118":1,"123":1,"124":2,"125":2,"126":2,"127":2,"128":2,"129":2,"130":1,"133":2,"134":2,"139":2,"143":1,"144":3,"145":1,"149":1,"150":1,"158":1,"160":1,"161":1,"162":1,"164":1,"166":1,"258":1,"259":1,"271":1,"274":6,"275":6,"277":1,"279":2,"281":1,"283":2,"288":1,"289":1,"291":1,"294":1,"302":1,"305":1,"306":1,"309":1,"310":1,"312":1,"313":1,"314":1,"315":1,"316":1,"317":1,"318":1,"320":1,"321":1,"323":1}},"/home/travis/build/npmtest/node-npmtest-phonegap/phonegap/lib/main.js":{"path":"/home/travis/build/npmtest/node-npmtest-phonegap/phonegap/lib/main.js","s":{"1":1,"2":1},"b":{},"f":{},"fnMap":{},"statementMap":{"1":{"start":{"line":5,"column":0},"end":{"line":5,"column":37}},"2":{"start":{"line":11,"column":0},"end":{"line":11,"column":32}}},"branchMap":{},"code":["/*!"," * Module dependencies."," */","","var PhoneGap = require('./phonegap');","","/**"," * Expose npm main module."," */","","module.exports = new PhoneGap();",""],"l":{"5":1,"11":1}},"/home/travis/build/npmtest/node-npmtest-phonegap/phonegap/lib/phonegap.js":{"path":"/home/travis/build/npmtest/node-npmtest-phonegap/phonegap/lib/phonegap.js","s":{"1":1,"2":1,"3":1,"4":1,"5":1,"6":1,"7":1,"8":1,"9":1,"10":1,"11":1,"12":1,"13":1,"14":1,"15":1,"16":1,"17":1,"18":1,"19":1,"20":1,"21":1,"22":1,"23":1,"24":1,"25":1,"26":1,"27":1,"28":1,"29":1},"b":{},"f":{"1":1,"2":1,"3":0},"fnMap":{"1":{"name":"PhoneGap","line":25,"loc":{"start":{"line":25,"column":0},"end":{"line":25,"column":20}}},"2":{"name":"initialize","line":67,"loc":{"start":{"line":67,"column":0},"end":{"line":67,"column":22}}},"3":{"name":"(anonymous_3)","line":73,"loc":{"start":{"line":73,"column":21},"end":{"line":73,"column":33}}}},"statementMap":{"1":{"start":{"line":5,"column":0},"end":{"line":7,"column":27}},"2":{"start":{"line":25,"column":0},"end":{"line":52,"column":1}},"3":{"start":{"line":27,"column":4},"end":{"line":27,"column":26}},"4":{"start":{"line":30,"column":4},"end":{"line":30,"column":62}},"5":{"start":{"line":31,"column":4},"end":{"line":31,"column":60}},"6":{"start":{"line":32,"column":4},"end":{"line":32,"column":56}},"7":{"start":{"line":33,"column":4},"end":{"line":33,"column":74}},"8":{"start":{"line":34,"column":4},"end":{"line":34,"column":78}},"9":{"start":{"line":35,"column":4},"end":{"line":35,"column":72}},"10":{"start":{"line":36,"column":4},"end":{"line":36,"column":76}},"11":{"start":{"line":37,"column":4},"end":{"line":37,"column":72}},"12":{"start":{"line":38,"column":4},"end":{"line":38,"column":74}},"13":{"start":{"line":39,"column":4},"end":{"line":39,"column":68}},"14":{"start":{"line":40,"column":4},"end":{"line":40,"column":58}},"15":{"start":{"line":41,"column":4},"end":{"line":41,"column":26}},"16":{"start":{"line":42,"column":4},"end":{"line":42,"column":62}},"17":{"start":{"line":43,"column":4},"end":{"line":43,"column":56}},"18":{"start":{"line":44,"column":4},"end":{"line":44,"column":58}},"19":{"start":{"line":47,"column":4},"end":{"line":47,"column":34}},"20":{"start":{"line":50,"column":4},"end":{"line":50,"column":19}},"21":{"start":{"line":51,"column":4},"end":{"line":51,"column":53}},"22":{"start":{"line":54,"column":0},"end":{"line":54,"column":45}},"23":{"start":{"line":60,"column":0},"end":{"line":60,"column":31}},"24":{"start":{"line":61,"column":0},"end":{"line":61,"column":33}},"25":{"start":{"line":67,"column":0},"end":{"line":77,"column":1}},"26":{"start":{"line":68,"column":4},"end":{"line":68,"column":20}},"27":{"start":{"line":73,"column":4},"end":{"line":73,"column":37}},"28":{"start":{"line":76,"column":4},"end":{"line":76,"column":39}},"29":{"start":{"line":83,"column":0},"end":{"line":83,"column":26}}},"branchMap":{},"code":["/*!"," * Module dependencies."," */","","var phonegapbuild = require('phonegap-build'),","    events = require('events'),","    util = require('util');","","/**"," * PhoneGap object."," *"," * Events:"," *"," *   - `error` {Event} triggered with info compatible with console.error."," *     - `e` {Error} describes the error."," *   - `log` {Event} triggered with info compatible with console.log."," *   - `warn` {Event} triggered with info compatible with console.warn."," *   - `raw` {Event} trigger with info that should not be formatted."," *   - `login` {Event} triggered when login credentials are needed."," *     - `callback` {Function} is triggered with user credentials"," *       - `username` {String}"," *       - `password` {String}"," */","","function PhoneGap() {","    // initialize PhoneGap","    initialize.call(this);","","    // initialize each command and inject the `phonegap` dependency.","    this.cordova = require('./phonegap/cordova').create(this);","    this.create = require('./phonegap/create').create(this);","    this.mode = require('./phonegap/mode').create(this);","    this.template.list = require('./phonegap/template.list').create(this);","    this.template.search = require('./phonegap/template.search').create(this);","    this.remote.build = require('./phonegap/remote.build').create(this);","    this.remote.install = require('./phonegap/remote.install').create(this);","    this.remote.login = require('./phonegap/remote.login').create(this);","    this.remote.logout = require('./phonegap/remote.logout').create(this);","    this.remote.run = require('./phonegap/remote.run').create(this);","    this.serve = require('./phonegap/serve').create(this);","    this.app = this.serve;","    this.version = require('./phonegap/version').create(this);","    this.push = require('./phonegap/push').create(this);","    this.share = require('./phonegap/share').create(this);","","    // set normal mode (not verbose and not quiet)","    this.mode({ verbose: false });","","    // utility methods","    this.util = {};","    this.util.cordova = require('./cordova').cordova;","}","","util.inherits(PhoneGap, events.EventEmitter);","","/*!"," * PhoneGap prototype chain."," */","","PhoneGap.prototype.remote = {};","PhoneGap.prototype.template = {};","","/*!"," * Initialize PhoneGap."," */","","function initialize() {","    var self = this;","","    // error events must always have a listener.","    // this should be an empty listener that quietly captures errors.","    // users can also subscribe to the error event to receive and handle it.","    self.on('error', function(e) {});","","    // reset all phonegapbuild event listeners","    phonegapbuild.removeAllListeners();","}","","/*!"," * Expose the PhoneGap object."," */","","module.exports = PhoneGap;",""],"l":{"5":1,"25":1,"27":1,"30":1,"31":1,"32":1,"33":1,"34":1,"35":1,"36":1,"37":1,"38":1,"39":1,"40":1,"41":1,"42":1,"43":1,"44":1,"47":1,"50":1,"51":1,"54":1,"60":1,"61":1,"67":1,"68":1,"73":1,"76":1,"83":1}},"/home/travis/build/npmtest/node-npmtest-phonegap/phonegap/lib/phonegap/cordova.js":{"path":"/home/travis/build/npmtest/node-npmtest-phonegap/phonegap/lib/phonegap/cordova.js","s":{"1":1,"2":1,"3":1,"4":1,"5":1,"6":1,"7":1,"8":0,"9":0,"10":0,"11":0,"12":0,"13":0,"14":0,"15":0,"16":0,"17":0,"18":0,"19":0,"20":0,"21":0,"22":0,"23":0,"24":0,"25":0,"26":0,"27":0,"28":0,"29":0,"30":1,"31":0,"32":0,"33":0,"34":0,"35":0,"36":0,"37":0,"38":0,"39":0,"40":0,"41":0,"42":0,"43":0,"44":0,"45":0,"46":0,"47":0,"48":0,"49":0,"50":0,"51":0,"52":0,"53":0,"54":0,"55":0,"56":0,"57":0,"58":0,"59":0,"60":0,"61":0,"62":0,"63":0,"64":0,"65":0,"66":1,"67":0,"68":0,"69":0,"70":0,"71":0,"72":0,"73":0,"74":0,"75":0,"76":0,"77":0,"78":0,"79":1,"80":0,"81":0,"82":0,"83":0,"84":0,"85":0,"86":0,"87":0,"88":0,"89":0,"90":0,"91":0,"92":0,"93":0,"94":1,"95":0,"96":0,"97":0,"98":0,"99":0,"100":0,"101":0,"102":0,"103":0,"104":0,"105":0,"106":0,"107":0,"108":1,"109":0,"110":0,"111":1,"112":0},"b":{"1":[0,0],"2":[0,0],"3":[0,0],"4":[0,0,0,0],"5":[0,0],"6":[0,0],"7":[0,0],"8":[0,0],"9":[0,0],"10":[0,0],"11":[0,0],"12":[0,0],"13":[0,0],"14":[0,0],"15":[0,0],"16":[0,0],"17":[0,0],"18":[0,0],"19":[0,0],"20":[0,0],"21":[0,0],"22":[0,0],"23":[0,0],"24":[0,0],"25":[0,0],"26":[0,0],"27":[0,0],"28":[0,0],"29":[0,0],"30":[0,0],"31":[0,0]},"f":{"1":1,"2":1,"3":0,"4":0,"5":0,"6":0,"7":0,"8":0,"9":0,"10":0,"11":0,"12":0,"13":0,"14":0,"15":0,"16":0,"17":0},"fnMap":{"1":{"name":"(anonymous_1)","line":17,"loc":{"start":{"line":17,"column":12},"end":{"line":17,"column":31}}},"2":{"name":"CordovaCommand","line":22,"loc":{"start":{"line":22,"column":0},"end":{"line":22,"column":34}}},"3":{"name":"(anonymous_3)","line":46,"loc":{"start":{"line":46,"column":31},"end":{"line":46,"column":59}}},"4":{"name":"(anonymous_4)","line":79,"loc":{"start":{"line":79,"column":27},"end":{"line":79,"column":38}}},"5":{"name":"(anonymous_5)","line":87,"loc":{"start":{"line":87,"column":38},"end":{"line":87,"column":49}}},"6":{"name":"(anonymous_6)","line":89,"loc":{"start":{"line":89,"column":43},"end":{"line":89,"column":54}}},"7":{"name":"(anonymous_7)","line":101,"loc":{"start":{"line":101,"column":35},"end":{"line":101,"column":63}}},"8":{"name":"(anonymous_8)","line":153,"loc":{"start":{"line":153,"column":56},"end":{"line":153,"column":79}}},"9":{"name":"(anonymous_9)","line":178,"loc":{"start":{"line":178,"column":28},"end":{"line":178,"column":43}}},"10":{"name":"(anonymous_10)","line":187,"loc":{"start":{"line":187,"column":28},"end":{"line":187,"column":43}}},"11":{"name":"(anonymous_11)","line":211,"loc":{"start":{"line":211,"column":47},"end":{"line":211,"column":75}}},"12":{"name":"(anonymous_12)","line":261,"loc":{"start":{"line":261,"column":41},"end":{"line":261,"column":69}}},"13":{"name":"(anonymous_13)","line":283,"loc":{"start":{"line":283,"column":35},"end":{"line":283,"column":54}}},"14":{"name":"(anonymous_14)","line":310,"loc":{"start":{"line":310,"column":48},"end":{"line":310,"column":76}}},"15":{"name":"diff","line":348,"loc":{"start":{"line":348,"column":0},"end":{"line":348,"column":30}}},"16":{"name":"(anonymous_16)","line":349,"loc":{"start":{"line":349,"column":25},"end":{"line":349,"column":37}}},"17":{"name":"isCustomCommand","line":369,"loc":{"start":{"line":369,"column":0},"end":{"line":369,"column":34}}}},"statementMap":{"1":{"start":{"line":5,"column":0},"end":{"line":10,"column":27}},"2":{"start":{"line":16,"column":0},"end":{"line":20,"column":2}},"3":{"start":{"line":18,"column":8},"end":{"line":18,"column":44}},"4":{"start":{"line":22,"column":0},"end":{"line":24,"column":1}},"5":{"start":{"line":23,"column":4},"end":{"line":23,"column":42}},"6":{"start":{"line":26,"column":0},"end":{"line":26,"column":39}},"7":{"start":{"line":46,"column":0},"end":{"line":95,"column":2}},"8":{"start":{"line":47,"column":4},"end":{"line":47,"column":20}},"9":{"start":{"line":49,"column":4},"end":{"line":49,"column":63}},"10":{"start":{"line":49,"column":18},"end":{"line":49,"column":63}},"11":{"start":{"line":50,"column":4},"end":{"line":50,"column":71}},"12":{"start":{"line":50,"column":22},"end":{"line":50,"column":71}},"13":{"start":{"line":51,"column":4},"end":{"line":51,"column":44}},"14":{"start":{"line":54,"column":4},"end":{"line":54,"column":49}},"15":{"start":{"line":55,"column":4},"end":{"line":55,"column":44}},"16":{"start":{"line":56,"column":4},"end":{"line":60,"column":5}},"17":{"start":{"line":59,"column":8},"end":{"line":59,"column":52}},"18":{"start":{"line":62,"column":4},"end":{"line":76,"column":5}},"19":{"start":{"line":66,"column":8},"end":{"line":66,"column":51}},"20":{"start":{"line":70,"column":8},"end":{"line":75,"column":9}},"21":{"start":{"line":72,"column":12},"end":{"line":72,"column":36}},"22":{"start":{"line":74,"column":12},"end":{"line":74,"column":35}},"23":{"start":{"line":79,"column":4},"end":{"line":79,"column":41}},"24":{"start":{"line":82,"column":4},"end":{"line":84,"column":5}},"25":{"start":{"line":83,"column":8},"end":{"line":83,"column":60}},"26":{"start":{"line":87,"column":4},"end":{"line":92,"column":7}},"27":{"start":{"line":89,"column":8},"end":{"line":91,"column":11}},"28":{"start":{"line":90,"column":12},"end":{"line":90,"column":44}},"29":{"start":{"line":94,"column":4},"end":{"line":94,"column":25}},"30":{"start":{"line":101,"column":0},"end":{"line":195,"column":2}},"31":{"start":{"line":102,"column":4},"end":{"line":102,"column":20}},"32":{"start":{"line":116,"column":4},"end":{"line":116,"column":89}},"33":{"start":{"line":119,"column":4},"end":{"line":121,"column":5}},"34":{"start":{"line":120,"column":8},"end":{"line":120,"column":79}},"35":{"start":{"line":124,"column":4},"end":{"line":126,"column":5}},"36":{"start":{"line":125,"column":8},"end":{"line":125,"column":99}},"37":{"start":{"line":129,"column":4},"end":{"line":131,"column":5}},"38":{"start":{"line":130,"column":8},"end":{"line":130,"column":89}},"39":{"start":{"line":133,"column":4},"end":{"line":136,"column":20}},"40":{"start":{"line":139,"column":4},"end":{"line":141,"column":5}},"41":{"start":{"line":140,"column":8},"end":{"line":140,"column":52}},"42":{"start":{"line":144,"column":4},"end":{"line":144,"column":70}},"43":{"start":{"line":147,"column":4},"end":{"line":150,"column":5}},"44":{"start":{"line":148,"column":8},"end":{"line":148,"column":68}},"45":{"start":{"line":149,"column":8},"end":{"line":149,"column":79}},"46":{"start":{"line":153,"column":4},"end":{"line":176,"column":7}},"47":{"start":{"line":154,"column":8},"end":{"line":154,"column":14}},"48":{"start":{"line":155,"column":8},"end":{"line":174,"column":9}},"49":{"start":{"line":156,"column":12},"end":{"line":158,"column":50}},"50":{"start":{"line":159,"column":12},"end":{"line":159,"column":30}},"51":{"start":{"line":160,"column":12},"end":{"line":160,"column":30}},"52":{"start":{"line":163,"column":12},"end":{"line":164,"column":32}},"53":{"start":{"line":164,"column":16},"end":{"line":164,"column":32}},"54":{"start":{"line":167,"column":12},"end":{"line":167,"column":57}},"55":{"start":{"line":170,"column":12},"end":{"line":173,"column":13}},"56":{"start":{"line":171,"column":16},"end":{"line":172,"column":65}},"57":{"start":{"line":175,"column":8},"end":{"line":175,"column":20}},"58":{"start":{"line":178,"column":4},"end":{"line":185,"column":7}},"59":{"start":{"line":179,"column":8},"end":{"line":184,"column":9}},"60":{"start":{"line":180,"column":12},"end":{"line":180,"column":61}},"61":{"start":{"line":183,"column":12},"end":{"line":183,"column":30}},"62":{"start":{"line":187,"column":4},"end":{"line":194,"column":7}},"63":{"start":{"line":188,"column":8},"end":{"line":193,"column":9}},"64":{"start":{"line":189,"column":12},"end":{"line":189,"column":61}},"65":{"start":{"line":192,"column":12},"end":{"line":192,"column":30}},"66":{"start":{"line":211,"column":0},"end":{"line":246,"column":2}},"67":{"start":{"line":212,"column":4},"end":{"line":212,"column":20}},"68":{"start":{"line":219,"column":4},"end":{"line":219,"column":82}},"69":{"start":{"line":220,"column":4},"end":{"line":243,"column":5}},"70":{"start":{"line":222,"column":8},"end":{"line":223,"column":55}},"71":{"start":{"line":226,"column":8},"end":{"line":228,"column":9}},"72":{"start":{"line":227,"column":12},"end":{"line":227,"column":67}},"73":{"start":{"line":230,"column":8},"end":{"line":232,"column":76}},"74":{"start":{"line":234,"column":8},"end":{"line":242,"column":9}},"75":{"start":{"line":235,"column":12},"end":{"line":235,"column":60}},"76":{"start":{"line":236,"column":12},"end":{"line":240,"column":25}},"77":{"start":{"line":241,"column":12},"end":{"line":241,"column":19}},"78":{"start":{"line":245,"column":4},"end":{"line":245,"column":15}},"79":{"start":{"line":261,"column":0},"end":{"line":296,"column":2}},"80":{"start":{"line":262,"column":4},"end":{"line":262,"column":20}},"81":{"start":{"line":264,"column":4},"end":{"line":264,"column":85}},"82":{"start":{"line":265,"column":4},"end":{"line":293,"column":5}},"83":{"start":{"line":267,"column":8},"end":{"line":268,"column":60}},"84":{"start":{"line":271,"column":8},"end":{"line":273,"column":9}},"85":{"start":{"line":272,"column":12},"end":{"line":272,"column":67}},"86":{"start":{"line":278,"column":8},"end":{"line":280,"column":9}},"87":{"start":{"line":279,"column":12},"end":{"line":279,"column":77}},"88":{"start":{"line":283,"column":8},"end":{"line":292,"column":11}},"89":{"start":{"line":284,"column":12},"end":{"line":286,"column":72}},"90":{"start":{"line":288,"column":12},"end":{"line":291,"column":13}},"91":{"start":{"line":289,"column":16},"end":{"line":289,"column":97}},"92":{"start":{"line":290,"column":16},"end":{"line":290,"column":62}},"93":{"start":{"line":295,"column":4},"end":{"line":295,"column":15}},"94":{"start":{"line":310,"column":0},"end":{"line":339,"column":2}},"95":{"start":{"line":311,"column":4},"end":{"line":311,"column":20}},"96":{"start":{"line":313,"column":4},"end":{"line":313,"column":73}},"97":{"start":{"line":314,"column":4},"end":{"line":338,"column":5}},"98":{"start":{"line":316,"column":8},"end":{"line":316,"column":55}},"99":{"start":{"line":319,"column":8},"end":{"line":321,"column":9}},"100":{"start":{"line":320,"column":12},"end":{"line":320,"column":67}},"101":{"start":{"line":323,"column":8},"end":{"line":324,"column":70}},"102":{"start":{"line":326,"column":8},"end":{"line":334,"column":9}},"103":{"start":{"line":327,"column":12},"end":{"line":327,"column":84}},"104":{"start":{"line":328,"column":12},"end":{"line":328,"column":104}},"105":{"start":{"line":330,"column":12},"end":{"line":330,"column":50}},"106":{"start":{"line":333,"column":12},"end":{"line":333,"column":23}},"107":{"start":{"line":337,"column":8},"end":{"line":337,"column":19}},"108":{"start":{"line":348,"column":0},"end":{"line":352,"column":1}},"109":{"start":{"line":349,"column":4},"end":{"line":351,"column":7}},"110":{"start":{"line":350,"column":8},"end":{"line":350,"column":37}},"111":{"start":{"line":369,"column":0},"end":{"line":373,"column":1}},"112":{"start":{"line":371,"column":4},"end":{"line":372,"column":70}}},"branchMap":{"1":{"line":49,"type":"if","locations":[{"start":{"line":49,"column":4},"end":{"line":49,"column":4}},{"start":{"line":49,"column":4},"end":{"line":49,"column":4}}]},"2":{"line":50,"type":"if","locations":[{"start":{"line":50,"column":4},"end":{"line":50,"column":4}},{"start":{"line":50,"column":4},"end":{"line":50,"column":4}}]},"3":{"line":56,"type":"if","locations":[{"start":{"line":56,"column":4},"end":{"line":56,"column":4}},{"start":{"line":56,"column":4},"end":{"line":56,"column":4}}]},"4":{"line":56,"type":"binary-expr","locations":[{"start":{"line":56,"column":8},"end":{"line":56,"column":48}},{"start":{"line":57,"column":8},"end":{"line":57,"column":42}},{"start":{"line":57,"column":46},"end":{"line":57,"column":83}},{"start":{"line":58,"column":8},"end":{"line":58,"column":51}}]},"5":{"line":62,"type":"if","locations":[{"start":{"line":62,"column":4},"end":{"line":62,"column":4}},{"start":{"line":62,"column":4},"end":{"line":62,"column":4}}]},"6":{"line":66,"type":"binary-expr","locations":[{"start":{"line":66,"column":26},"end":{"line":66,"column":41}},{"start":{"line":66,"column":45},"end":{"line":66,"column":50}}]},"7":{"line":70,"type":"if","locations":[{"start":{"line":70,"column":8},"end":{"line":70,"column":8}},{"start":{"line":70,"column":8},"end":{"line":70,"column":8}}]},"8":{"line":79,"type":"binary-expr","locations":[{"start":{"line":79,"column":15},"end":{"line":79,"column":23}},{"start":{"line":79,"column":27},"end":{"line":79,"column":40}}]},"9":{"line":82,"type":"if","locations":[{"start":{"line":82,"column":4},"end":{"line":82,"column":4}},{"start":{"line":82,"column":4},"end":{"line":82,"column":4}}]},"10":{"line":119,"type":"if","locations":[{"start":{"line":119,"column":4},"end":{"line":119,"column":4}},{"start":{"line":119,"column":4},"end":{"line":119,"column":4}}]},"11":{"line":124,"type":"if","locations":[{"start":{"line":124,"column":4},"end":{"line":124,"column":4}},{"start":{"line":124,"column":4},"end":{"line":124,"column":4}}]},"12":{"line":129,"type":"if","locations":[{"start":{"line":129,"column":4},"end":{"line":129,"column":4}},{"start":{"line":129,"column":4},"end":{"line":129,"column":4}}]},"13":{"line":139,"type":"if","locations":[{"start":{"line":139,"column":4},"end":{"line":139,"column":4}},{"start":{"line":139,"column":4},"end":{"line":139,"column":4}}]},"14":{"line":147,"type":"if","locations":[{"start":{"line":147,"column":4},"end":{"line":147,"column":4}},{"start":{"line":147,"column":4},"end":{"line":147,"column":4}}]},"15":{"line":155,"type":"if","locations":[{"start":{"line":155,"column":8},"end":{"line":155,"column":8}},{"start":{"line":155,"column":8},"end":{"line":155,"column":8}}]},"16":{"line":163,"type":"if","locations":[{"start":{"line":163,"column":12},"end":{"line":163,"column":12}},{"start":{"line":163,"column":12},"end":{"line":163,"column":12}}]},"17":{"line":170,"type":"if","locations":[{"start":{"line":170,"column":12},"end":{"line":170,"column":12}},{"start":{"line":170,"column":12},"end":{"line":170,"column":12}}]},"18":{"line":179,"type":"if","locations":[{"start":{"line":179,"column":8},"end":{"line":179,"column":8}},{"start":{"line":179,"column":8},"end":{"line":179,"column":8}}]},"19":{"line":188,"type":"if","locations":[{"start":{"line":188,"column":8},"end":{"line":188,"column":8}},{"start":{"line":188,"column":8},"end":{"line":188,"column":8}}]},"20":{"line":220,"type":"if","locations":[{"start":{"line":220,"column":4},"end":{"line":220,"column":4}},{"start":{"line":220,"column":4},"end":{"line":220,"column":4}}]},"21":{"line":226,"type":"if","locations":[{"start":{"line":226,"column":8},"end":{"line":226,"column":8}},{"start":{"line":226,"column":8},"end":{"line":226,"column":8}}]},"22":{"line":234,"type":"if","locations":[{"start":{"line":234,"column":8},"end":{"line":234,"column":8}},{"start":{"line":234,"column":8},"end":{"line":234,"column":8}}]},"23":{"line":265,"type":"if","locations":[{"start":{"line":265,"column":4},"end":{"line":265,"column":4}},{"start":{"line":265,"column":4},"end":{"line":265,"column":4}}]},"24":{"line":271,"type":"if","locations":[{"start":{"line":271,"column":8},"end":{"line":271,"column":8}},{"start":{"line":271,"column":8},"end":{"line":271,"column":8}}]},"25":{"line":278,"type":"if","locations":[{"start":{"line":278,"column":8},"end":{"line":278,"column":8}},{"start":{"line":278,"column":8},"end":{"line":278,"column":8}}]},"26":{"line":278,"type":"binary-expr","locations":[{"start":{"line":278,"column":12},"end":{"line":278,"column":42}},{"start":{"line":278,"column":46},"end":{"line":278,"column":74}}]},"27":{"line":288,"type":"if","locations":[{"start":{"line":288,"column":12},"end":{"line":288,"column":12}},{"start":{"line":288,"column":12},"end":{"line":288,"column":12}}]},"28":{"line":314,"type":"if","locations":[{"start":{"line":314,"column":4},"end":{"line":314,"column":4}},{"start":{"line":314,"column":4},"end":{"line":314,"column":4}}]},"29":{"line":319,"type":"if","locations":[{"start":{"line":319,"column":8},"end":{"line":319,"column":8}},{"start":{"line":319,"column":8},"end":{"line":319,"column":8}}]},"30":{"line":326,"type":"if","locations":[{"start":{"line":326,"column":8},"end":{"line":326,"column":8}},{"start":{"line":326,"column":8},"end":{"line":326,"column":8}}]},"31":{"line":371,"type":"binary-expr","locations":[{"start":{"line":371,"column":12},"end":{"line":371,"column":35}},{"start":{"line":372,"column":12},"end":{"line":372,"column":68}}]}},"code":["/*!"," * Module dependencies."," */","","var Command = require('./util/command'),","    cordova = require('../cordova'),","    fs = require('fs'),","    path = require('path'),","    shell = require('shelljs'),","    util = require('util');","","/*!"," * Command setup."," */","","module.exports = {","    create: function(phonegap) {","        return new CordovaCommand(phonegap);","    }","};","","function CordovaCommand(phonegap) {","    return Command.apply(this, arguments);","}","","util.inherits(CordovaCommand, Command);","","/**"," * Execute a Cordova command."," *"," * Execute an arbitrary Cordova CLI command."," *"," * Options:"," *"," *   - `options` {Object}"," *     - `cmd` {String} is the exact Cordova command to execute."," *     - `verbose` {Boolean} enables verbose output (cordova output)."," *   - [`callback`] {Function} is triggered after executing the command."," *     - `e` {Error} is null unless there is an error."," *"," * Returns:"," *"," *   {PhoneGap} for chaining."," */","","CordovaCommand.prototype.run = function(options, callback) {","    var self = this;","    // require options","    if (!options) throw new Error('requires option parameter');","    if (!options.cmd) throw new Error('requires option.cmd parameter');","    var cordovaCmd = options.cmd.split(\" \");","","    // append --save by default to phonegap plugin add/remove/rm","    var pluginCommands = [\"add\", \"remove\", \"rm\"];","    var pluginAlias = [\"plugin\", \"plugins\"];","    if (pluginAlias.indexOf(cordovaCmd[1]) != -1 &&","        cordovaCmd.indexOf(\"--save\") == -1 && cordovaCmd.indexOf(\"--no-save\") == -1 &&","        pluginCommands.indexOf(cordovaCmd[2]) != -1) {","        options.cmd = options.cmd.concat(\" --save\");","    }","    // default options.verbose","    if (isCustomCommand(options)) {","        // these commands can be silenced or verbose","        // first, do whatever the user specified","        // if the user didn't specify, then assume silence","        options.verbose = options.verbose || false;","    }","    else {","        // all other commands must be verbose, since we don't know what they do","        if (options.cmd == 'cordova platform add browser') {","            // silence output when we auto add browser platform on serve","            options.verbose = false;","        } else {","            options.verbose = true;","        }","    }","","    // optional callback","    callback = callback || function() {};","","    // validate options","    if (!options.cmd.match(/^cordova/)) {","        throw new Error('options.cmd must execute cordova');","    }","","    // enable implicit adding of platforms when they're missing","    self.addMissingPlatforms(options, function() {","        // inject phonegap.js into the platforms if it's referenced","        self.addPhoneGapJSWarning(options, function() {","            self.execute(options, callback);","        });","    });","","    return this.phonegap;","};","","/*!"," * Execute."," */","","CordovaCommand.prototype.execute = function(options, callback) {","    var self = this;","","    // in order to shell out to the cordova dependency, we must first find","    // where the dependencies binary was installed.","    //","    // in npm < 3.x it is found in:","    //   - `phonegap/node_modules/.bin/cordova`","    //","    // in npm >= 3.x it is either flattened or found in a local node_modules:","    //   - `phonegap/node_modules/.bin/cordova`","    //   - `/node_modules/.bin/cordova`","    //     - where phonegap is found at `/node_modules/phonegap/`","","    // first try to find the cordova binary for npm < 3.x","    var binPath = path.resolve(path.join(__dirname, '..', '..', 'node_modules', '.bin'));","","    // second try to find the cordova binary for npm >= 3.x","    if (!fs.existsSync(path.join(binPath, 'cordova'))) {","        binPath = path.resolve(path.join(__dirname, '..', '..', '..', '.bin'));","    }","","    // It's probably from Electron spawn","    if (!fs.existsSync(binPath)) {","        binPath = path.resolve(path.join(__dirname, '..', '..', 'node_modules', 'cordova', 'bin'));","    }","","    // Another case where it could be run from an electron spawn","    if (!fs.existsSync(binPath)) {","        binPath = path.resolve(path.join(__dirname, '..', '..', '..', 'cordova', 'bin'));","    }","","    var command = options.cmd.split(' ')[0],           // 'cordova' process name (it may change one day)","        cordovaCommand = path.join(binPath, command), // /path/to/node_modules/.bin/cordova","        execOptions = { async: true, silent: true },","        buffer = [];","","    // support file paths that include a space character","    if (cordovaCommand.match(' ')) {","        cordovaCommand = '\"' + cordovaCommand + '\"';","    }","","    // append the arguments and options onto the command","    cordovaCommand += ' ' + options.cmd.substring(command.length + 1);","","    // output the command being excuted","    if (isCustomCommand(options)) {","        var cleanCommand = options.cmd.replace(\"--no-telemetry\",\"\");","        self.phonegap.emit('log', 'executing', '\\'' + cleanCommand + '\\' ...');","    }","","    // shell out the command to cordova","    var child = shell.exec(cordovaCommand, execOptions, function(code, output) {","        var e;","        if (code !== 0) {","            e = new Error('PhoneGap received an error from the Cordova CLI:\\n' +","                          '  Command: ' + cordovaCommand + '\\n' +","                          '  Exit code: ' + code);","            e.exitCode = code;","            e.output = output;","","            // send error info back to pg desktop app","            if (process.send)","                process.send(e);","","            // on an error, display the entire output log","            self.phonegap.emit('raw', buffer.join('\\n'));","        }","        else {","            if (isCustomCommand(options)) {","                self.phonegap.emit('log', 'completed',","                                          '\\''+options.cmd+'\\'');","            }","        }","        callback(e);","    });","","    child.stdout.on('data', function(data) {","        if (options.verbose) {","            self.phonegap.emit('raw', data.toString('utf8'));","        }","        else {","            buffer.push(data);","        }","    });","","    child.stderr.on('data', function(data) {","        if (options.verbose) {","            self.phonegap.emit('raw', data.toString('utf8'));","        }","        else {","            buffer.push(data);","        }","    });","};","","/**"," * Add Missing Platforms."," *"," * There are a bunch of Cordova commands that require a platform to exist."," * Since the user is running the command, we can assume that they want the"," * platform to be added to their application. So, why not just add it for them?"," *"," * Options:"," *"," *   - `options` {Object} is identical to the Cordova command input."," *   - [`callback`] {Function} is triggered after executing the command."," *     - `e` {Error} is null unless there is an error."," */","","CordovaCommand.prototype.addMissingPlatforms = function(options, callback) {","    var self = this;","","    // crazy regex to match any command that requires a platform and the","    // list of platforms after the command. If the command is missing the","    // platforms, then this regex will fail. That failure is a good thing","    // because when the user doesn't list platforms, then we have nothing","    // to add.","    var match = options.cmd.match(/(prepare|compile|build|run|emulate) ([\\w ]+)/);","    if (match) {","        // get a list of the platforms that need to be added to the project","        var cordovaAddCommand = 'cordova platform add --save ',","            projectRootPath = cordova.util.isCordova();","","        // project root will be false if it is not a cordova directory","        if (!projectRootPath) {","            return callback(new Error('not a PhoneGap directory'));","        }","","        var requestedPlatforms = match[2].trim().split(' '),","            installedPlatforms = cordova.util.listPlatforms(projectRootPath),","            missingPlatforms = diff(requestedPlatforms, installedPlatforms);","","        if (missingPlatforms.length > 0) {","            cordovaAddCommand += missingPlatforms.join(' ');","            self.phonegap.cordova({","                cmd: cordovaAddCommand,","                verbose: options.verbose,","                internalCommand: true","            }, callback);","            return;","        }","    }","","    callback();","};","","/**"," * Add phonegap.js."," *"," * For backwards-compatibility, we will continue to support phonegap.js"," * includes in the HTML file. Soon this will be deprecated."," *"," * Options:"," *"," *   - `options` {Object} is identical to the Cordova command input."," *   - [`callback`] {Function} is triggered after executing the command."," *     - `e` {Error} is null unless there is an error."," */","","CordovaCommand.prototype.addPhoneGapJS = function(options
[...]
d.apply(this, arguments);","}","","util.inherits(ShareCommand, Command);","","ShareCommand.prototype.run = function(options, callback) {","    options.phonegap = this.phonegap;","    callback = callback || function() {};","","    this.execute(options, callback);","","    return this.phonegap;","};","","ShareCommand.prototype.execute = function(options, callback) {","    if (options.dropbox === true) {","        dropbox.upload();","    } else if (options.connect === true) {","        serve.create(options.phonegap)(options);","    } else {","        var projectRootPath = require('../cordova').util.isCordova();","        if (projectRootPath === false) {","            throw new Error(\"This is not a phonegap project\");","        }","        cordova.prepare({","            verbose: true,","            platforms: [\"browser\"]","        }, function(err, data) {","            dropbox.createZipArchive(path.join(projectRootPath, \"platforms/browser/www\")).then((archive) => {","                proxy.uploadStatic(archive, {});","            }, (err) => {","                console.log(err);","            });","        });","    }","};",""],"l":{"1":1,"2":1,"3":1,"4":1,"5":1,"6":1,"7":1,"8":1,"18":1,"20":1,"22":1,"27":1,"28":1,"31":1,"33":1,"34":0,"35":0,"37":0,"39":0,"42":1,"43":0,"44":0,"45":0,"46":0,"48":0,"49":0,"50":0,"52":0,"56":0,"57":0,"59":0}},"/home/travis/build/npmtest/node-npmtest-phonegap/phonegap/lib/phonegap/util/dropbox.js":{"path":"/home/travis/build/npmtest/node-npmtest-phonegap/phonegap/lib/phonegap/util/dropbox.js","s":{"1":1,"2":1,"3":1,"4":1,"5":1,"6":1,"7":1,"8":1,"9":1,"10":1,"11":1,"12":1,"13":0,"14":0,"15":0,"16":0,"17":0,"18":0,"19":0,"20":0,"21":0,"22":0,"23":0,"24":1,"25":0,"26":0,"27":0,"28":0,"29":0,"30":0,"31":0,"32":0,"33":0,"34":0,"35":0,"36":0,"37":0,"38":0,"39":0,"40":0,"41":0,"42":0,"43":0,"44":0,"45":0,"46":0,"47":0,"48":0,"49":0,"50":1,"51":0,"52":0,"53":0,"54":0,"55":1,"56":0,"57":0,"58":0,"59":0,"60":0,"61":0,"62":0,"63":0,"64":0,"65":0,"66":0,"67":1,"68":0,"69":0,"70":0,"71":0,"72":0,"73":0,"74":0,"75":0,"76":0,"77":0,"78":0,"79":0,"80":0,"81":0,"82":1,"83":0,"84":0,"85":0,"86":0,"87":0,"88":0,"89":0,"90":0,"91":1,"92":0,"93":0,"94":0},"b":{"1":[0,1],"2":[0,0],"3":[0,0],"4":[0,0],"5":[0,0],"6":[0,0],"7":[0,0],"8":[0,0]},"f":{"1":0,"2":0,"3":0,"4":0,"5":0,"6":0,"7":0,"8":0,"9":0,"10":0,"11":0,"12":0,"13":0},"fnMap":{"1":{"name":"authenticate","line":13,"loc":{"start":{"line":13,"column":0},"end":{"line":13,"column":24}}},"2":{"name":"(anonymous_2)","line":15,"loc":{"start":{"line":15,"column":8},"end":{"line":15,"column":34}}},"3":{"name":"handleRequest","line":35,"loc":{"start":{"line":35,"column":16},"end":{"line":35,"column":58}}},"4":{"name":"(anonymous_4)","line":56,"loc":{"start":{"line":56,"column":45},"end":{"line":56,"column":59}}},"5":{"name":"_getToken","line":88,"loc":{"start":{"line":88,"column":0},"end":{"line":88,"column":21}}},"6":{"name":"(anonymous_6)","line":90,"loc":{"start":{"line":90,"column":8},"end":{"line":90,"column":34}}},"7":{"name":"getPublicLinkUrl","line":99,"loc":{"start":{"line":99,"column":0},"end":{"line":99,"column":28}}},"8":{"name":"(anonymous_8)","line":101,"loc":{"start":{"line":101,"column":8},"end":{"line":101,"column":34}}},"9":{"name":"upload","line":132,"loc":{"start":{"line":132,"column":0},"end":{"line":132,"column":25}}},"10":{"name":"createZipArchive","line":178,"loc":{"start":{"line":178,"column":0},"end":{"line":178,"column":31}}},"11":{"name":"(anonymous_11)","line":179,"loc":{"start":{"line":179,"column":23},"end":{"line":179,"column":49}}},"12":{"name":"(anonymous_12)","line":184,"loc":{"start":{"line":184,"column":28},"end":{"line":184,"column":42}}},"13":{"name":"(anonymous_13)","line":194,"loc":{"start":{"line":194,"column":12},"end":{"line":194,"column":31}}}},"statementMap":{"1":{"start":{"line":1,"column":0},"end":{"line":1,"column":27}},"2":{"start":{"line":2,"column":0},"end":{"line":2,"column":29}},"3":{"start":{"line":3,"column":0},"end":{"line":3,"column":43}},"4":{"start":{"line":4,"column":0},"end":{"line":4,"column":25}},"5":{"start":{"line":5,"column":0},"end":{"line":5,"column":27}},"6":{"start":{"line":6,"column":0},"end":{"line":6,"column":23}},"7":{"start":{"line":7,"column":0},"end":{"line":7,"column":27}},"8":{"start":{"line":8,"column":0},"end":{"line":8,"column":32}},"9":{"start":{"line":9,"column":0},"end":{"line":9,"column":34}},"10":{"start":{"line":10,"column":0},"end":{"line":10,"column":64}},"11":{"start":{"line":11,"column":0},"end":{"line":11,"column":81}},"12":{"start":{"line":13,"column":0},"end":{"line":86,"column":1}},"13":{"start":{"line":14,"column":4},"end":{"line":85,"column":6}},"14":{"start":{"line":16,"column":12},"end":{"line":83,"column":15}},"15":{"start":{"line":17,"column":16},"end":{"line":17,"column":31}},"16":{"start":{"line":19,"column":16},"end":{"line":19,"column":76}},"17":{"start":{"line":21,"column":16},"end":{"line":21,"column":34}},"18":{"start":{"line":23,"column":16},"end":{"line":23,"column":69}},"19":{"start":{"line":24,"column":16},"end":{"line":24,"column":62}},"20":{"start":{"line":25,"column":16},"end":{"line":25,"column":50}},"21":{"start":{"line":27,"column":16},"end":{"line":30,"column":50}},"22":{"start":{"line":32,"column":16},"end":{"line":32,"column":27}},"23":{"start":{"line":33,"column":16},"end":{"line":33,"column":28}},"24":{"start":{"line":35,"column":16},"end":{"line":66,"column":17}},"25":{"start":{"line":36,"column":20},"end":{"line":65,"column":21}},"26":{"start":{"line":37,"column":24},"end":{"line":37,"column":38}},"27":{"start":{"line":38,"column":24},"end":{"line":43,"column":27}},"28":{"start":{"line":39,"column":28},"end":{"line":39,"column":45}},"29":{"start":{"line":40,"column":28},"end":{"line":42,"column":29}},"30":{"start":{"line":41,"column":32},"end":{"line":41,"column":61}},"31":{"start":{"line":44,"column":24},"end":{"line":60,"column":27}},"32":{"start":{"line":45,"column":28},"end":{"line":45,"column":66}},"33":{"start":{"line":46,"column":28},"end":{"line":46,"column":56}},"34":{"start":{"line":47,"column":28},"end":{"line":50,"column":29}},"35":{"start":{"line":48,"column":32},"end":{"line":48,"column":74}},"36":{"start":{"line":49,"column":32},"end":{"line":49,"column":49}},"37":{"start":{"line":52,"column":28},"end":{"line":52,"column":101}},"38":{"start":{"line":52,"column":51},"end":{"line":52,"column":101}},"39":{"start":{"line":53,"column":28},"end":{"line":59,"column":31}},"40":{"start":{"line":55,"column":32},"end":{"line":55,"column":61}},"41":{"start":{"line":56,"column":32},"end":{"line":58,"column":35}},"42":{"start":{"line":57,"column":36},"end":{"line":57,"column":65}},"43":{"start":{"line":61,"column":24},"end":{"line":61,"column":39}},"44":{"start":{"line":63,"column":24},"end":{"line":63,"column":72}},"45":{"start":{"line":64,"column":24},"end":{"line":64,"column":104}},"46":{"start":{"line":69,"column":16},"end":{"line":69,"column":58}},"47":{"start":{"line":71,"column":16},"end":{"line":82,"column":19}},"48":{"start":{"line":73,"column":20},"end":{"line":73,"column":68}},"49":{"start":{"line":76,"column":20},"end":{"line":81,"column":23}},"50":{"start":{"line":88,"column":0},"end":{"line":97,"column":1}},"51":{"start":{"line":89,"column":4},"end":{"line":96,"column":6}},"52":{"start":{"line":91,"column":12},"end":{"line":93,"column":13}},"53":{"start":{"line":92,"column":16},"end":{"line":92,"column":76}},"54":{"start":{"line":94,"column":12},"end":{"line":94,"column":89}},"55":{"start":{"line":99,"column":0},"end":{"line":130,"column":1}},"56":{"start":{"line":100,"column":4},"end":{"line":129,"column":6}},"57":{"start":{"line":102,"column":12},"end":{"line":127,"column":15}},"58":{"start":{"line":103,"column":16},"end":{"line":111,"column":18}},"59":{"start":{"line":113,"column":16},"end":{"line":125,"column":19}},"60":{"start":{"line":116,"column":20},"end":{"line":116,"column":34}},"61":{"start":{"line":117,"column":20},"end":{"line":117,"column":44}},"62":{"start":{"line":118,"column":20},"end":{"line":121,"column":23}},"63":{"start":{"line":119,"column":24},"end":{"line":119,"column":38}},"64":{"start":{"line":122,"column":20},"end":{"line":124,"column":23}},"65":{"start":{"line":123,"column":24},"end":{"line":123,"column":105}},"66":{"start":{"line":126,"column":16},"end":{"line":126,"column":30}},"67":{"start":{"line":132,"column":0},"end":{"line":176,"column":1}},"68":{"start":{"line":133,"column":4},"end":{"line":175,"column":7}},"69":{"start":{"line":134,"column":8},"end":{"line":139,"column":10}},"70":{"start":{"line":142,"column":8},"end":{"line":152,"column":10}},"71":{"start":{"line":154,"column":8},"end":{"line":167,"column":11}},"72":{"start":{"line":157,"column":12},"end":{"line":157,"column":36}},"73":{"start":{"line":158,"column":12},"end":{"line":160,"column":15}},"74":{"start":{"line":161,"column":12},"end":{"line":166,"column":15}},"75":{"start":{"line":162,"column":16},"end":{"line":165,"column":19}},"76":{"start":{"line":163,"column":20},"end":{"line":163,"column":75}},"77":{"start":{"line":164,"column":20},"end":{"line":164,"column":34}},"78":{"start":{"line":168,"column":8},"end":{"line":168,"column":55}},"79":{"start":{"line":171,"column":8},"end":{"line":171,"column":25}},"80":{"start":{"line":172,"column":8},"end":{"line":172,"column":27}},"81":{"start":{"line":174,"column":8},"end":{"line":174,"column":33}},"82":{"start":{"line":178,"column":0},"end":{"line":191,"column":1}},"83":{"start":{"line":179,"column":4},"end":{"line":190,"column":7}},"84":{"start":{"line":180,"column":8},"end":{"line":180,"column":43}},"85":{"start":{"line":182,"column":8},"end":{"line":182,"column":38}},"86":{"start":{"line":184,"column":8},"end":{"line":187,"column":11}},"87":{"start":{"line":185,"column":12},"end":{"line":185,"column":24}},"88":{"start":{"line":186,"column":12},"end":{"line":186,"column":22}},"89":{"start":{"line":188,"column":8},"end":{"line":188,"column":38}},"90":{"start":{"line":189,"column":8},"end":{"line":189,"column":25}},"91":{"start":{"line":193,"column":0},"end":{"line":202,"column":2}},"92":{"start":{"line":195,"column":8},"end":{"line":199,"column":11}},"93":{"start":{"line":196,"column":12},"end":{"line":198,"column":15}},"94":{"start":{"line":197,"column":16},"end":{"line":197,"column":27}}},"branchMap":{"1":{"line":11,"type":"cond-expr","locations":[{"start":{"line":11,"column":33},"end":{"line":11,"column":73}},{"start":{"line":11,"column":76},"end":{"line":11,"column":80}}]},"2":{"line":36,"type":"if","locations":[{"start":{"line":36,"column":20},"end":{"line":36,"column":20}},{"start":{"line":36,"column":20},"end":{"line":36,"column":20}}]},"3":{"line":36,"type":"binary-expr","locations":[{"start":{"line":36,"column":24},"end":{"line":36,"column":48}},{"start":{"line":36,"column":52},"end":{"line":36,"column":77}}]},"4":{"line":40,"type":"if","locations":[{"start":{"line":40,"column":28},"end":{"line":40,"column":28}},{"start":{"line":40,"column":28},"end":{"line":40,"column":28}}]},"5":{"line":47,"type":"if","locations":[{"start":{"line":47,"column":28},"end":{"line":47,"column":28}},{"start":{"line":47,"column":28},"end":{"line":47,"column":28}}]},"6":{"line":52,"type":"if","locations":[{"start":{"line":52,"column":28},"end":{"line":52,"column":28}},{"start":{"line":52,"column":28},"end":{"line":52,"column":28}}]},"7":{"line":91,"type":"if","locations":[{"start":{"line":91,"column":12},"end":{"line":91,"column":12}},{"start":{"line":91,"column":12},"end":{"line":91,"column":12}}]},"8":{"line":91,"type":"binary-expr","locations":[{"start":{"line":91,"column":16},"end":{"line":91,"column":24}},{"start":{"line":91,"column":28},"end":{"line":91,"column":51}}]}},"code":["var http = require('http');","var https = require('https');","var spawn = require('child_process').spawn;","var opn = require('opn');","var util = require('util');","var fs = require('fs');","var path = require('path');","var qs = require('querystring');","var homedir = process.env['HOME'];","var projectRootPath = require('../../cordova').util.isCordova();","var settings = projectRootPath ? path.join(projectRootPath, \".dropboxrc\") : null;","","function authenticate() {","    return new Promise(","        function(resolve, reject) {","            _getToken().then((token) => {","                resolve(token);","            }).catch(() => {","                const auth_url = \"https://www.dropbox.com/oauth2/authorize\";","","                const PORT = 1234;","","                var state = require('./util/hex').randomValueHex(12);","                var redirect_uri = \"http://localhost:\" + PORT;","                const app_key = \"2f1ec7whk04rhuq\";","","                var params = util.format(`?response_type=token&client_id=%s\\","&redirect_uri=%s&\\","state=%s`,","                    app_key, redirect_uri, state);","","                var server;","                var browser;","","                function handleRequest(request, response) {","                    if (request.url === \"/token\" && request.method === \"POST\") {","                        var body = [];","                        request.on('data', (chunk) => {","                            body.push(chunk);","                            if (body.length > 1e6) {","                                request.connection.destroy();","                            }","                        });","                        request.on('end', () => {","                            body = Buffer.concat(body).toString();","                            var params = qs.parse(body);","                            if (params.state !== state) {","                                console.error(\"Wrong state. CSRF forged\");","                                process.exit(69);","                            }","                            // TODO write token and shit to local file","                            if (settings === null) reject(new Error(\"Settings file not configured\"));","                            fs.writeFile(settings, JSON.stringify(params, null, 4), () => {","                                //console.log(\"Config file written successfully\");","                                request.connection.destroy();","                                server.close(function(err) {","                                    resolve(params.access_token);","                                });","                            });","                        });","                        response.end();","                    } else {","                        response.setHeader('Content-Type', 'text/html');","                        response.end(fs.readFileSync(path.join(__dirname, \"./util/public/index.html\")));","                    }","                }","                    //console.log(auth_url + params);","","                server = http.createServer(handleRequest);","","                server.listen(PORT, () => {","                    //console.log(\"Server listening on: http://localhost:%s\", PORT);","                    console.log(\"waiting for API authorization...\");","                    // Dropbox authentication","","                    opn(auth_url + params, {","                        app: 'firefox',","                        wait: false","                    }).then((browser) => {","                        // TODO","                    });","                });","            });","        }","    );","}","","function _getToken() {","    return new Promise(","        function(resolve, reject) {","            if (settings && fs.existsSync(settings)) {","                resolve(JSON.parse(fs.readFileSync(settings)).access_token);","            }","            reject(new Error(\"Dropbox config file does not exist. Please authenticate\"));","        }","    );","}","","function getPublicLinkUrl() {","    return new Promise(","        function(resolve, reject) {","            authenticate().then((token) => {","                var options = {","                    hostname: 'api.dropboxapi.com',","                    port: 443,","                    path: '/1/account/info',","                    method: 'POST',","                    headers: {","                        'Authorization': 'Bearer ' + token","                    }","                };","","                var account = https.request(options, (res) => {","                    // console.log(`STATUS: ${res.statusCode}`);","                    // console.log(`HEADERS: ${JSON.stringify(res.headers)}`);","                    var body = '';","                    res.setEncoding('utf8');","                    res.on('data', (chunk) => {","                        body += chunk;","                        //console.log(`BODY: ${chunk}`);","                    });","                    res.on('end', () => {","                        resolve(`https://dl.dropboxusercontent.com/u/${JSON.parse(body).uid}/pgdevapp/`);","                    });","                });","                account.end();","            });","        }","    );","}","","function upload(archive) {","    return authenticate().then((token) => {","        var api_args = {","            \"path\": \"/Public/pgdevapp/__api__/appzip\",","            \"mode\": \"overwrite\",","            \"autorename\": true,","            \"mute\": false","        };","","","        var options = {","            hostname: 'content.dropboxapi.com',","            port: 443,","            path: '/2/files/upload',","            method: 'POST',","            headers: {","                'Content-Type': 'application/octet-stream',","                'Authorization': 'Bearer ' + token,","                'Dropbox-API-Arg': JSON.stringify(api_args)","            }","        };","","        var up = https.request(options, (res) => {","            //console.log(`STATUS: ${res.statusCode}`);","            //console.log(`HEADERS: ${JSON.stringify(res.headers)}`);","            res.setEncoding('utf8');","            res.on('data', (chunk) => {","                //console.log(`BODY: ${chunk}`);","            });","            res.on('end', () => {","                getPublicLinkUrl().then((link) => {","                    console.log(`your app will is available here ${link}`);","                    resolve(link);","                });","            });","        });","        console.log(`uploading archive to Dropbox...`);","        // TODO pipe directly from archiver","        // TODO handle 150M+ cases","        archive.pipe(up);","        archive.finalize();","    }).catch((e) => {","        console.error(e.message);","    });","}","","function createZipArchive(dir) {","    return new Promise(function(resolve, reject) {","        var archiver = require('archiver');","","        var archive = archiver('zip');","","        archive.on('error', function(err) {","            reject(err);","            throw err;","        });","        archive.directory(dir, 'www');","        resolve(archive);","    });","}","","module.exports = {","    upload: function(callback) {","        createZipArchive(path.join(projectRootPath, 'www')).then((archive) => {","            upload(archive).then(() => {","                callback();","            });","        });","    },","    createZipArchive: createZipArchive","};",""],"l":{"1":1,"2":1,"3":1,"4":1,"5":1,"6":1,"7":1,"8":1,"9":1,"10":1,"11":1,"13":1,"14":0,"16":0,"17":0,"19":0,"21":0,"23":0,"24":0,"25":0,"27":0,"32":0,"33":0,"35":1,"36":0,"37":0,"38":0,"39":0,"40":0,"41":0,"44":0,"45":0,"46":0,"47":0,"48":0,"49":0,"52":0,"53":0,"55":0,"56":0,"57":0,"61":0,"63":0,"64":0,"69":0,"71":0,"73":0,"76":0,"88":1,"89":0,"91":0,"92":0,"94":0,"99":1,"100":0,"102":0,"103":0,"113":0,"116":0,"117":0,"118":0,"119":0,"122":0,"123":0,"126":0,"132":1,"133":0,"134":0,"142":0,"154":0,"157":0,"158":0,"161":0,"162":0,"163":0,"164":0,"168":0,"171":0,"172":0,"174":0,"178":1,"179":0,"180":0,"182":0,"184":0,"185":0,"186":0,"188":0,"189":0,"193":1,"195":0,"196":0,"197":0}}}